[2014-11-16 18:54:28] START
[2014-11-16 18:55:12] EDIT law_m/views/layout.html: -3
[2014-11-16 18:56:01] EDIT law_m/views/layout.html: 0
[2014-11-16 18:58:07] EDIT law_m/controllers/default.py: -27
[2014-11-16 18:58:09] EDIT law_m/controllers/default.py: 0
[2014-11-16 19:02:08] EDIT law_m/models/db.py: 0
[2014-11-16 19:02:56] EDIT law_m/views/layout.html: 0
[2014-11-16 19:02:59] EDIT law_m/controllers/default.py: 0
[2014-11-16 19:03:00] EDIT law_m/models/db.py: 0
[2014-11-16 19:04:16] EDIT law_m/models/db.py: 1
[2014-11-16 19:04:17] EDIT law_m/models/db.py: 0
[2014-11-17 01:54:34] EDIT law_m/views/default/index.html: 20
[2014-11-17 01:55:30] EDIT law_m/views/default/index.html: -20
[2014-11-17 01:57:36] EDIT law_m/views/default/index.html: -1
[2014-11-17 01:58:33] EDIT law_m/views/default/index.html: -16
[2014-11-17 01:59:17] EDIT law_m/views/default/index.html: 16
[2014-11-17 02:02:58] EDIT law_m/views/default/index.html: -4
[2014-11-17 02:09:10] EDIT law_m/views/default/index.html: 2
[2014-11-17 02:16:16] EDIT law_m/models/menu.py: 2
[2014-11-17 02:17:43] EDIT law_m/models/menu.py: 0
[2014-11-17 02:18:42] EDIT law_m/views/layout.html: 0
[2014-11-17 02:23:50] EDIT law_m/controllers/default.py: 0
[2014-11-17 02:23:51] EDIT law_m/controllers/default.py: 0
[2014-11-17 02:24:01] CREATE lawhome.html: 0
[2014-11-17 02:25:38] EDIT law_m/views/lawhome.html: -1
[2014-11-17 02:25:54] EDIT law_m/controllers/default.py: 1
[2014-11-17 02:32:47] EDIT law_m/views/lawhome.html: -1
[2014-11-17 02:32:47] EDIT law_m/views/lawhome.html: 0
[2014-11-17 02:32:47] EDIT law_m/views/lawhome.html: 0
[2014-11-17 02:33:17] EDIT law_m/controllers/default.py: 0
[2014-11-17 02:33:17] EDIT law_m/controllers/default.py: 0
[2014-11-17 02:33:21] EDIT law_m/controllers/default.py: 0
[2014-11-17 02:33:21] EDIT law_m/controllers/default.py: 0
[2014-11-17 02:33:32] EDIT law_m/controllers/default.py: 0
[2014-11-17 02:34:06] EDIT law_m/controllers/default.py: -3
[2014-11-17 02:34:06] EDIT law_m/controllers/default.py: 0
[2014-11-17 02:34:29] EDIT law_m/controllers/default.py: 1
[2014-11-17 02:34:29] EDIT law_m/controllers/default.py: 0
[2014-11-17 02:34:48] EDIT law_m/controllers/default.py: 1
[2014-11-17 02:34:48] EDIT law_m/controllers/default.py: 0
[2014-11-17 02:35:17] EDIT law_m/controllers/default.py: 0
[2014-11-17 02:35:49] DELETE law_m/views/lawhome.html: -1
[2014-11-17 02:35:58] CREATE default/lawhome.html: 0
[2014-11-17 02:36:20] EDIT law_m/controllers/default.py: 1
[2014-11-17 02:36:21] EDIT law_m/controllers/default.py: 0
[2014-11-17 02:42:39] EDIT law_m/models/db.py: 8
[2014-11-17 02:42:39] EDIT law_m/models/db.py: 0
[2014-11-17 02:42:39] EDIT law_m/models/db.py: 0
[2014-11-17 02:50:37] EDIT law_m/models/db.py: 0
[2014-11-17 02:50:49] EDIT law_m/controllers/default.py: 0
[2014-11-17 02:51:13] EDIT law_m/views/default/lawhome.html: -1
[2014-11-17 02:51:14] EDIT law_m/views/default/lawhome.html: 0
[2014-11-17 02:52:31] EDIT law_m/models/db.py: 1
[2014-11-17 02:52:31] EDIT law_m/models/db.py: 0
[2014-11-17 02:54:04] EDIT law_m/views/default/lawhome.html: 0
[2014-11-17 02:54:04] EDIT law_m/views/default/lawhome.html: 0
[2014-11-17 03:10:54] EDIT law_m/models/db.py: 0
[2014-11-17 03:11:49] EDIT law_m/controllers/default.py: 1
[2014-11-17 03:11:50] EDIT law_m/controllers/default.py: 0
[2014-11-17 03:12:12] EDIT law_m/views/default/lawhome.html: 1
[2014-11-17 03:12:12] EDIT law_m/views/default/lawhome.html: 0
[2014-11-17 03:12:27] EDIT law_m/views/default/lawhome.html: 0
[2014-11-17 03:17:15] EDIT law_m/views/default/lawhome.html: 0
[2014-11-17 03:17:16] EDIT law_m/views/default/lawhome.html: 0
[2014-11-17 03:42:20] EDIT law_m/controllers/default.py: 0
[2014-11-17 03:42:21] EDIT law_m/controllers/default.py: 0
[2014-11-17 03:42:21] EDIT law_m/controllers/default.py: 0
[2014-11-17 03:42:23] EDIT law_m/controllers/default.py: 0
[2014-11-17 03:42:23] EDIT law_m/controllers/default.py: 0
[2014-11-17 03:43:06] EDIT law_m/controllers/default.py: 0
[2014-11-17 03:43:06] EDIT law_m/controllers/default.py: 0
[2014-11-17 03:49:43] EDIT law_m/views/default/lawhome.html: 0
[2014-11-17 03:49:44] EDIT law_m/views/default/lawhome.html: 0
[2014-11-17 03:49:44] EDIT law_m/views/default/lawhome.html: 0
[2014-11-17 03:49:47] EDIT law_m/controllers/default.py: 0
[2014-11-17 03:49:47] EDIT law_m/controllers/default.py: 0
[2014-11-17 03:49:47] EDIT law_m/controllers/default.py: 0
[2014-11-17 03:50:36] EDIT law_m/views/default/lawhome.html: 0
[2014-11-17 03:50:36] EDIT law_m/views/default/lawhome.html: 0
[2014-11-17 03:50:57] EDIT law_m/views/default/lawhome.html: 0
[2014-11-17 03:51:05] EDIT law_m/views/default/lawhome.html: 0
[2014-11-17 03:51:19] EDIT law_m/views/default/lawhome.html: 0
[2014-11-17 03:51:20] EDIT law_m/views/default/lawhome.html: 0
[2014-11-17 03:52:15] EDIT law_m/views/default/lawhome.html: 0
[2014-11-17 03:52:15] EDIT law_m/views/default/lawhome.html: 0
[2014-11-17 03:53:25] EDIT law_m/views/default/lawhome.html: 0
[2014-11-17 03:53:25] EDIT law_m/views/default/lawhome.html: 0
[2014-11-17 03:53:55] EDIT law_m/views/default/lawhome.html: 0
[2014-11-17 03:53:56] EDIT law_m/views/default/lawhome.html: 0
[2014-11-17 14:20:54] EDIT law_m/views/default/lawhome.html: 1
[2014-11-17 14:21:35] EDIT law_m/controllers/default.py: 2
[2014-11-17 14:21:49] CREATE default/cases.html: 0
[2014-11-17 14:24:09] EDIT law_m/views/default/lawhome.html: 0
[2014-11-17 14:24:09] EDIT law_m/views/default/lawhome.html: 0
[2014-11-17 14:24:10] EDIT law_m/views/default/lawhome.html: 0
[2014-11-17 14:26:48] EDIT law_m/views/default/lawhome.html: 0
[2014-11-17 14:26:49] EDIT law_m/views/default/lawhome.html: 0
[2014-11-17 14:26:49] EDIT law_m/views/default/lawhome.html: 0
[2014-11-17 14:27:52] EDIT law_m/views/default/cases.html: -2
[2014-11-17 14:37:57] EDIT law_m/views/default/cases.html: 8
[2014-11-17 14:41:52] EDIT law_m/views/default/cases.html: 0
[2014-11-17 14:42:24] EDIT law_m/views/default/cases.html: 0
[2014-11-17 14:47:06] EDIT law_m/views/default/cases.html: 1
[2014-11-17 14:47:27] EDIT law_m/views/default/cases.html: 1
[2014-11-17 14:47:37] EDIT law_m/views/default/cases.html: -2
[2014-11-17 14:57:24] EDIT law_m/views/default/cases.html: 0
[2014-11-17 14:59:14] EDIT law_m/views/default/cases.html: 0
[2014-11-17 14:59:15] EDIT law_m/views/default/cases.html: 0
[2014-11-17 14:59:24] EDIT law_m/views/default/cases.html: 0
[2014-11-17 14:59:49] EDIT law_m/views/default/cases.html: 0
[2014-11-17 14:59:50] EDIT law_m/views/default/cases.html: 0
[2014-11-17 15:01:19] EDIT law_m/views/default/cases.html: 0
[2014-11-17 15:01:44] EDIT law_m/views/default/cases.html: 0
[2014-11-17 15:02:03] EDIT law_m/views/default/cases.html: 0
[2014-11-17 15:02:03] EDIT law_m/views/default/cases.html: 0
[2014-11-17 15:03:43] EDIT law_m/views/default/cases.html: 0
[2014-11-17 15:03:43] EDIT law_m/views/default/cases.html: 0
[2014-11-17 15:04:40] EDIT law_m/views/default/cases.html: 0
[2014-11-17 15:04:41] EDIT law_m/views/default/cases.html: 0
[2014-11-17 15:05:58] EDIT law_m/views/default/cases.html: 0
[2014-11-17 15:05:58] EDIT law_m/views/default/cases.html: 0
[2014-11-17 15:05:59] EDIT law_m/views/default/cases.html: 0
[2014-11-17 15:06:14] EDIT law_m/views/default/cases.html: 0
[2014-11-17 15:06:33] EDIT law_m/views/default/cases.html: 0
[2014-11-17 15:07:05] EDIT law_m/views/default/cases.html: 0
[2014-11-17 15:07:06] EDIT law_m/views/default/cases.html: 0
[2014-11-17 15:07:18] EDIT law_m/views/default/cases.html: 0
[2014-11-17 15:07:26] EDIT law_m/views/default/cases.html: 0
[2014-11-17 15:07:34] EDIT law_m/views/default/cases.html: 0
[2014-11-17 15:07:51] EDIT law_m/views/default/cases.html: 0
[2014-11-17 15:09:23] EDIT law_m/views/default/cases.html: 1
[2014-11-17 15:09:23] EDIT law_m/views/default/cases.html: 0
[2014-11-17 15:09:43] EDIT law_m/views/default/cases.html: 0
[2014-11-17 15:13:02] EDIT law_m/views/default/cases.html: 0
[2014-11-17 15:17:50] EDIT law_m/views/default/cases.html: 0
[2014-11-17 15:21:30] EDIT law_m/controllers/default.py: 6
[2014-11-17 15:21:48] EDIT law_m/views/default/cases.html: 0
[2014-11-17 15:21:48] EDIT law_m/views/default/cases.html: 0
[2014-11-17 15:21:49] EDIT law_m/views/default/cases.html: 0
[2014-11-17 15:22:54] EDIT law_m/views/default/cases.html: 1
[2014-11-17 15:22:58] EDIT law_m/views/default/cases.html: 0
[2014-11-17 15:22:58] EDIT law_m/views/default/cases.html: 0
[2014-11-17 15:24:25] EDIT law_m/views/default/cases.html: -1
[2014-11-17 15:24:26] EDIT law_m/views/default/cases.html: 0
[2014-11-17 15:24:26] EDIT law_m/views/default/cases.html: 0
[2014-11-17 15:25:05] EDIT law_m/views/default/cases.html: 0
[2014-11-17 15:25:05] EDIT law_m/views/default/cases.html: 0
[2014-11-17 15:25:05] EDIT law_m/views/default/cases.html: 0
[2014-11-17 15:25:25] EDIT law_m/views/default/cases.html: 0
[2014-11-17 15:25:25] EDIT law_m/views/default/cases.html: 0
[2014-11-17 15:25:44] EDIT law_m/controllers/default.py: 1
[2014-11-17 15:26:47] EDIT law_m/models/db.py: 1
[2014-11-17 15:26:47] EDIT law_m/models/db.py: 0
[2014-11-17 15:26:48] EDIT law_m/models/db.py: 0
[2014-11-17 15:31:44] EDIT law_m/controllers/default.py: 2
[2014-11-17 15:31:44] EDIT law_m/controllers/default.py: 0
[2014-11-17 15:31:45] EDIT law_m/controllers/default.py: 0
[2014-11-17 15:31:45] EDIT law_m/controllers/default.py: 0
[2014-11-17 15:33:18] EDIT law_m/views/default/cases.html: 0
[2014-11-17 15:33:18] EDIT law_m/views/default/cases.html: 0
[2014-11-17 15:33:25] EDIT law_m/views/default/cases.html: 0
[2014-11-17 15:33:26] EDIT law_m/views/default/cases.html: 0
[2014-11-17 15:33:45] EDIT law_m/controllers/default.py: 0
[2014-11-17 15:33:45] EDIT law_m/controllers/default.py: 0
[2014-11-17 15:33:45] EDIT law_m/controllers/default.py: 0
[2014-11-17 15:33:49] EDIT law_m/controllers/default.py: 0
[2014-11-17 15:34:05] CREATE default/cases1.html: 0
[2014-11-17 15:34:41] EDIT law_m/controllers/default.py: 2
[2014-11-17 15:34:42] EDIT law_m/controllers/default.py: 0
[2014-11-17 15:34:47] EDIT law_m/controllers/default.py: 0
[2014-11-17 15:34:50] EDIT law_m/controllers/default.py: 0
[2014-11-17 15:39:00] EDIT law_m/controllers/default.py: 0
[2014-11-17 15:39:01] EDIT law_m/controllers/default.py: 0
[2014-11-17 15:39:01] EDIT law_m/controllers/default.py: 0
[2014-11-17 15:39:01] EDIT law_m/controllers/default.py: 0
[2014-11-17 15:39:02] EDIT law_m/controllers/default.py: 0
[2014-11-17 15:39:40] EDIT law_m/controllers/default.py: 0
[2014-11-17 15:39:40] EDIT law_m/controllers/default.py: 0
[2014-11-17 15:39:41] EDIT law_m/controllers/default.py: 0
[2014-11-17 15:39:41] EDIT law_m/controllers/default.py: 0
[2014-11-17 15:39:42] EDIT law_m/controllers/default.py: 0
[2014-11-17 15:39:42] EDIT law_m/controllers/default.py: 0
[2014-11-17 15:39:42] EDIT law_m/controllers/default.py: 0
[2014-11-17 15:40:55] EDIT law_m/controllers/default.py: 0
[2014-11-17 15:47:03] EDIT law_m/views/default/lawhome.html: -1
[2014-11-17 15:47:03] EDIT law_m/views/default/lawhome.html: 0
[2014-11-17 15:50:45] EDIT law_m/controllers/default.py: 5
[2014-11-17 15:50:46] EDIT law_m/controllers/default.py: 0
[2014-11-17 15:51:36] EDIT law_m/controllers/default.py: 0
[2014-11-17 15:53:39] EDIT law_m/controllers/default.py: -5
[2014-11-17 15:53:39] EDIT law_m/controllers/default.py: 0
[2014-11-17 15:53:40] EDIT law_m/controllers/default.py: 0
[2014-11-17 16:03:13] EDIT law_m/views/default/lawhome.html: 1
[2014-11-17 16:03:14] EDIT law_m/views/default/lawhome.html: 0
[2014-11-17 16:03:15] EDIT law_m/views/default/lawhome.html: 0
[2014-11-17 16:03:15] EDIT law_m/views/default/lawhome.html: 0
[2014-11-17 16:03:42] EDIT law_m/views/default/lawhome.html: 1
[2014-11-17 16:03:43] EDIT law_m/views/default/lawhome.html: 0
[2014-11-17 16:03:43] EDIT law_m/views/default/lawhome.html: 0
[2014-11-17 16:06:35] EDIT law_m/views/default/lawhome.html: 0
[2014-11-17 16:06:35] EDIT law_m/views/default/lawhome.html: 0
[2014-11-17 16:06:35] EDIT law_m/views/default/lawhome.html: 0
[2014-11-17 16:07:17] EDIT law_m/views/default/lawhome.html: 1
[2014-11-17 16:07:17] EDIT law_m/views/default/lawhome.html: 0
[2014-11-17 16:07:37] EDIT law_m/views/default/lawhome.html: 0
[2014-11-17 16:07:38] EDIT law_m/views/default/lawhome.html: 0
[2014-11-17 16:07:38] EDIT law_m/views/default/lawhome.html: 0
[2014-11-17 18:41:34] EDIT law_m/views/default/lawhome.html: 1
[2014-11-17 18:41:35] EDIT law_m/views/default/lawhome.html: 0
[2014-11-17 18:41:35] EDIT law_m/views/default/lawhome.html: 0
[2014-11-17 18:42:19] EDIT law_m/views/default/lawhome.html: 0
[2014-11-17 18:42:19] EDIT law_m/views/default/lawhome.html: 0
[2014-11-17 18:42:20] EDIT law_m/views/default/lawhome.html: 0
[2014-11-17 18:43:29] EDIT law_m/controllers/default.py: 1
[2014-11-17 18:43:46] EDIT law_m/views/default/lawhome.html: 0
[2014-11-17 18:43:47] EDIT law_m/views/default/lawhome.html: 0
[2014-11-17 18:43:47] EDIT law_m/views/default/lawhome.html: 0
[2014-11-17 18:45:28] EDIT law_m/views/default/lawhome.html: -1
[2014-11-17 18:45:29] EDIT law_m/views/default/lawhome.html: 0
[2014-11-17 18:45:29] EDIT law_m/views/default/lawhome.html: 0
[2014-11-17 18:45:29] EDIT law_m/views/default/lawhome.html: 0
[2014-11-17 18:45:31] EDIT law_m/views/default/lawhome.html: 0
[2014-11-17 18:45:31] EDIT law_m/views/default/lawhome.html: 0
[2014-11-17 18:46:29] EDIT law_m/views/default/lawhome.html: 0
[2014-11-17 18:46:29] EDIT law_m/views/default/lawhome.html: 0
[2014-11-17 18:46:30] EDIT law_m/views/default/lawhome.html: 0
[2014-11-17 18:46:43] EDIT law_m/views/default/lawhome.html: 1
[2014-11-17 18:47:40] EDIT law_m/controllers/default.py: 0
[2014-11-17 18:47:45] EDIT law_m/controllers/default.py: 0
[2014-11-17 18:47:46] EDIT law_m/controllers/default.py: 0
[2014-11-17 18:48:52] EDIT law_m/views/default/lawhome.html: 1
[2014-11-17 18:48:53] EDIT law_m/views/default/lawhome.html: 0
[2014-11-17 18:48:53] EDIT law_m/views/default/lawhome.html: 0
[2014-11-17 18:50:12] EDIT law_m/views/default/lawhome.html: 0
[2014-11-17 18:50:12] EDIT law_m/views/default/lawhome.html: 0
[2014-11-17 18:50:12] EDIT law_m/views/default/lawhome.html: 0
[2014-11-17 18:50:29] EDIT law_m/views/default/lawhome.html: 0
[2014-11-17 18:50:29] EDIT law_m/views/default/lawhome.html: 0
[2014-11-17 18:51:07] EDIT law_m/views/default/lawhome.html: 0
[2014-11-17 18:51:08] EDIT law_m/views/default/lawhome.html: 0
[2014-11-17 18:51:08] EDIT law_m/views/default/lawhome.html: 0
[2014-11-17 18:51:08] EDIT law_m/views/default/lawhome.html: 0
[2014-11-17 18:51:32] EDIT law_m/views/default/lawhome.html: 0
[2014-11-17 18:51:33] EDIT law_m/views/default/lawhome.html: 0
[2014-11-17 18:52:07] EDIT law_m/views/default/lawhome.html: 0
[2014-11-17 18:52:08] EDIT law_m/views/default/lawhome.html: 0
[2014-11-17 18:52:56] EDIT law_m/controllers/default.py: 1
[2014-11-17 18:52:56] EDIT law_m/controllers/default.py: 0
[2014-11-17 18:52:56] EDIT law_m/controllers/default.py: 0
[2014-11-17 18:52:59] EDIT law_m/views/default/lawhome.html: 0
[2014-11-17 18:53:00] EDIT law_m/views/default/lawhome.html: 0
[2014-11-17 18:53:00] EDIT law_m/views/default/lawhome.html: 0
[2014-11-17 18:53:00] EDIT law_m/views/default/lawhome.html: 0
[2014-11-17 18:54:02] EDIT law_m/controllers/default.py: 1
[2014-11-17 18:54:03] EDIT law_m/controllers/default.py: 0
[2014-11-17 18:54:03] EDIT law_m/controllers/default.py: 0
[2014-11-17 18:55:03] EDIT law_m/controllers/default.py: 0
[2014-11-17 18:55:03] EDIT law_m/controllers/default.py: 0
[2014-11-17 18:55:04] EDIT law_m/controllers/default.py: 0
[2014-11-17 18:56:22] EDIT law_m/views/default/lawhome.html: 2
[2014-11-17 18:56:22] EDIT law_m/views/default/lawhome.html: 0
[2014-11-17 18:56:22] EDIT law_m/views/default/lawhome.html: 0
[2014-11-17 18:56:23] EDIT law_m/views/default/lawhome.html: 0
[2014-11-17 18:59:21] EDIT law_m/views/default/lawhome.html: 3
[2014-11-17 19:00:48] EDIT law_m/views/default/lawhome.html: 1
[2014-11-17 19:00:48] EDIT law_m/views/default/lawhome.html: 0
[2014-11-17 19:00:49] EDIT law_m/views/default/lawhome.html: 0
[2014-11-17 19:00:49] EDIT law_m/views/default/lawhome.html: 0
[2014-11-17 19:02:05] EDIT law_m/views/default/lawhome.html: 0
[2014-11-17 19:02:05] EDIT law_m/views/default/lawhome.html: 0
[2014-11-17 19:04:17] EDIT law_m/views/default/lawhome.html: 4
[2014-11-17 19:04:18] EDIT law_m/views/default/lawhome.html: 0
[2014-11-17 19:04:18] EDIT law_m/views/default/lawhome.html: 0
[2014-11-17 19:05:08] EDIT law_m/views/default/lawhome.html: 0
[2014-11-17 19:06:23] EDIT law_m/views/default/lawhome.html: 1
[2014-11-17 19:06:24] EDIT law_m/views/default/lawhome.html: 0
[2014-11-17 19:06:24] EDIT law_m/views/default/lawhome.html: 0
[2014-11-17 19:07:45] EDIT law_m/views/default/lawhome.html: 0
[2014-11-17 19:07:45] EDIT law_m/views/default/lawhome.html: 0
[2014-11-17 19:11:48] EDIT law_m/views/default/lawhome.html: 3
[2014-11-17 19:11:49] EDIT law_m/views/default/lawhome.html: 0
[2014-11-17 19:31:23] EDIT law_m/controllers/default.py: 3
[2014-11-17 19:31:31] EDIT law_m/controllers/default.py: 0
[2014-11-17 19:31:31] EDIT law_m/controllers/default.py: 0
[2014-11-17 19:31:31] EDIT law_m/controllers/default.py: 0
[2014-11-17 19:31:45] CREATE default/casedetails.html: 0
[2014-11-17 19:33:06] EDIT law_m/views/default/lawhome.html: 0
[2014-11-17 19:33:07] EDIT law_m/views/default/lawhome.html: 0
[2014-11-17 19:33:07] EDIT law_m/views/default/lawhome.html: 0
[2014-11-17 19:34:29] EDIT law_m/controllers/default.py: 0
[2014-11-17 19:34:29] EDIT law_m/controllers/default.py: 0
[2014-11-17 19:34:29] EDIT law_m/controllers/default.py: 0
[2014-11-17 19:35:54] EDIT law_m/views/default/casedetails.html: 1
[2014-11-17 19:35:54] EDIT law_m/views/default/casedetails.html: 0
[2014-11-17 19:36:35] EDIT law_m/views/default/lawhome.html: 0
[2014-11-17 19:36:35] EDIT law_m/views/default/lawhome.html: 0
[2014-11-17 19:36:36] EDIT law_m/views/default/lawhome.html: 0
[2014-11-17 19:36:36] EDIT law_m/views/default/lawhome.html: 0
[2014-11-17 19:53:45] EDIT law_m/views/default/lawhome.html: 0
[2014-11-17 19:53:45] EDIT law_m/views/default/lawhome.html: 0
[2014-11-17 19:53:46] EDIT law_m/views/default/lawhome.html: 0
[2014-11-17 19:53:59] EDIT law_m/controllers/default.py: 0
[2014-11-17 19:53:59] EDIT law_m/controllers/default.py: 0
[2014-11-17 19:53:59] EDIT law_m/controllers/default.py: 0
[2014-11-17 19:55:01] EDIT law_m/views/default/casedetails.html: -2
[2014-11-17 19:55:02] EDIT law_m/views/default/casedetails.html: 0
[2014-11-17 19:55:02] EDIT law_m/views/default/casedetails.html: 0
[2014-11-17 19:56:38] EDIT law_m/views/default/lawhome.html: 0
[2014-11-17 19:56:38] EDIT law_m/views/default/lawhome.html: 0
[2014-11-17 19:56:39] EDIT law_m/views/default/lawhome.html: 0
[2014-11-17 19:57:09] EDIT law_m/controllers/default.py: 0
[2014-11-17 20:02:40] EDIT law_m/controllers/default.py: 0
[2014-11-17 20:02:41] EDIT law_m/controllers/default.py: 0
[2014-11-17 20:02:41] EDIT law_m/controllers/default.py: 0
[2014-11-17 20:02:41] EDIT law_m/controllers/default.py: 0
[2014-11-17 20:13:43] EDIT law_m/controllers/default.py: 0
[2014-11-17 20:13:43] EDIT law_m/controllers/default.py: 0
[2014-11-17 20:13:43] EDIT law_m/controllers/default.py: 0
[2014-11-17 20:13:51] EDIT law_m/views/default/lawhome.html: 0
[2014-11-17 20:13:52] EDIT law_m/views/default/lawhome.html: 0
[2014-11-17 20:13:52] EDIT law_m/views/default/lawhome.html: 0
[2014-11-17 20:15:09] EDIT law_m/views/default/lawhome.html: 0
[2014-11-17 20:15:09] EDIT law_m/views/default/lawhome.html: 0
[2014-11-17 20:15:10] EDIT law_m/views/default/lawhome.html: 0
[2014-11-17 20:15:10] EDIT law_m/views/default/lawhome.html: 0
[2014-11-17 20:15:12] EDIT law_m/views/default/lawhome.html: 0
[2014-11-17 20:15:59] EDIT law_m/controllers/default.py: 0
[2014-11-17 20:15:59] EDIT law_m/controllers/default.py: 0
[2014-11-17 20:16:00] EDIT law_m/controllers/default.py: 0
[2014-11-17 20:16:10] EDIT law_m/views/default/casedetails.html: 0
[2014-11-17 20:29:32] EDIT law_m/views/default/lawhome.html: 7
[2014-11-17 20:29:32] EDIT law_m/views/default/lawhome.html: 0
[2014-11-17 20:29:33] EDIT law_m/views/default/lawhome.html: 0
[2014-11-17 20:30:10] EDIT law_m/views/default/lawhome.html: 1
[2014-11-17 20:30:10] EDIT law_m/views/default/lawhome.html: 0
[2014-11-17 20:33:06] EDIT law_m/views/default/lawhome.html: 0
[2014-11-17 20:33:07] EDIT law_m/views/default/lawhome.html: 0
[2014-11-17 20:33:07] EDIT law_m/views/default/lawhome.html: 0
[2014-11-17 20:33:53] EDIT law_m/views/default/lawhome.html: 0
[2014-11-17 20:33:53] EDIT law_m/views/default/lawhome.html: 0
[2014-11-17 20:36:00] EDIT law_m/controllers/default.py: 1
[2014-11-17 20:36:01] EDIT law_m/controllers/default.py: 0
[2014-11-17 20:36:01] EDIT law_m/controllers/default.py: 0
[2014-11-17 20:36:10] CREATE actions.html: 0
[2014-11-17 20:36:14] DELETE law_m/views/actions.html: -3
[2014-11-17 20:36:25] CREATE default/actions.html: 0
[2014-11-17 20:37:13] EDIT law_m/views/default/actions.html: 0
[2014-11-17 20:37:14] EDIT law_m/views/default/actions.html: 0
[2014-11-17 20:37:31] EDIT law_m/controllers/default.py: 0
[2014-11-17 20:37:31] EDIT law_m/controllers/default.py: 0
[2014-11-17 20:37:53] EDIT law_m/views/default/actions.html: 0
[2014-11-17 20:38:30] EDIT law_m/views/default/lawhome.html: 0
[2014-11-17 20:38:31] EDIT law_m/views/default/lawhome.html: 0
[2014-11-17 20:38:31] EDIT law_m/views/default/lawhome.html: 0
[2014-11-17 21:50:05] EDIT law_m/views/default/lawhome.html: 0
[2014-11-17 21:50:10] EDIT law_m/views/default/lawhome.html: 0
[2014-11-17 21:50:10] EDIT law_m/views/default/lawhome.html: 0
[2014-11-17 21:50:28] EDIT law_m/controllers/default.py: 3
[2014-11-17 21:51:12] EDIT law_m/controllers/default.py: 1
[2014-11-17 21:58:39] EDIT law_m/views/default/actions.html: -2
[2014-11-17 21:59:12] EDIT law_m/views/default/casedetails.html: 0
[2014-11-17 21:59:13] EDIT law_m/views/default/casedetails.html: 0
[2014-11-17 22:01:01] EDIT law_m/controllers/default.py: 1
[2014-11-17 22:01:01] EDIT law_m/controllers/default.py: 0
[2014-11-17 22:01:01] EDIT law_m/controllers/default.py: 0
[2014-11-17 22:02:20] EDIT law_m/controllers/default.py: -1
[2014-11-17 22:13:35] EDIT law_m/controllers/default.py: 2
[2014-11-17 22:13:35] EDIT law_m/controllers/default.py: 0
[2014-11-17 22:13:36] EDIT law_m/controllers/default.py: 0
[2014-11-17 22:13:51] EDIT law_m/controllers/default.py: 1
[2014-11-17 22:13:51] EDIT law_m/controllers/default.py: 0
[2014-11-17 22:13:51] EDIT law_m/controllers/default.py: 0
[2014-11-17 22:14:30] EDIT law_m/controllers/default.py: 0
[2014-11-17 22:14:31] EDIT law_m/controllers/default.py: 0
[2014-11-17 22:14:31] EDIT law_m/controllers/default.py: 0
[2014-11-17 22:18:34] EDIT law_m/controllers/default.py: 0
[2014-11-17 22:18:35] EDIT law_m/controllers/default.py: 0
[2014-11-17 22:18:35] EDIT law_m/controllers/default.py: 0
[2014-11-17 22:18:35] EDIT law_m/controllers/default.py: 0
[2014-11-17 22:18:50] EDIT law_m/views/default/casedetails.html: 0
[2014-11-17 22:20:02] EDIT law_m/controllers/default.py: 0
[2014-11-17 22:22:06] EDIT law_m/views/default/casedetails.html: 6
[2014-11-17 22:22:06] EDIT law_m/views/default/casedetails.html: 0
[2014-11-17 22:22:06] EDIT law_m/views/default/casedetails.html: 0
[2014-11-17 22:22:54] EDIT law_m/views/default/casedetails.html: 0
[2014-11-17 22:22:54] EDIT law_m/views/default/casedetails.html: 0
[2014-11-17 22:22:54] EDIT law_m/views/default/casedetails.html: 0
[2014-11-17 22:23:57] EDIT law_m/views/default/casedetails.html: 1
[2014-11-17 22:23:58] EDIT law_m/views/default/casedetails.html: 0
[2014-11-17 22:24:20] EDIT law_m/views/default/casedetails.html: -1
[2014-11-17 22:25:21] EDIT law_m/views/default/casedetails.html: 0
[2014-11-17 22:25:21] EDIT law_m/views/default/casedetails.html: 0
[2014-11-17 22:27:23] EDIT law_m/views/default/casedetails.html: 10
[2014-11-17 22:27:23] EDIT law_m/views/default/casedetails.html: 0
[2014-11-17 22:27:23] EDIT law_m/views/default/casedetails.html: 0
[2014-11-17 22:27:24] EDIT law_m/views/default/casedetails.html: 0
[2014-11-17 22:29:07] EDIT law_m/views/default/casedetails.html: 2
[2014-11-17 22:29:07] EDIT law_m/views/default/casedetails.html: 0
[2014-11-17 22:29:07] EDIT law_m/views/default/casedetails.html: 0
[2014-11-17 22:29:35] EDIT law_m/views/default/casedetails.html: 0
[2014-11-17 22:29:35] EDIT law_m/views/default/casedetails.html: 0
[2014-11-17 22:29:35] EDIT law_m/views/default/casedetails.html: 0
[2014-11-17 22:42:20] CREATE default/summon_edit.html: 0
[2014-11-17 22:45:05] EDIT law_m/views/default/summon_edit.html: 3
[2014-11-17 22:45:06] EDIT law_m/views/default/summon_edit.html: 0
[2014-11-17 22:45:06] EDIT law_m/views/default/summon_edit.html: 0
[2014-11-17 22:45:08] EDIT law_m/views/default/summon_edit.html: 0
[2014-11-17 22:45:08] EDIT law_m/views/default/summon_edit.html: 0
[2014-11-17 22:45:08] EDIT law_m/views/default/summon_edit.html: 0
[2014-11-17 22:45:39] EDIT law_m/views/default/summon_edit.html: 0
[2014-11-17 22:45:39] EDIT law_m/views/default/summon_edit.html: 0
[2014-11-17 22:45:39] EDIT law_m/views/default/summon_edit.html: 0
[2014-11-17 22:45:40] EDIT law_m/views/default/summon_edit.html: 0
[2014-11-17 22:45:40] EDIT law_m/views/default/summon_edit.html: 0
[2014-11-17 22:45:41] EDIT law_m/views/default/summon_edit.html: 0
[2014-11-17 22:47:14] EDIT law_m/controllers/default.py: 4
[2014-11-17 22:47:14] EDIT law_m/controllers/default.py: 0
[2014-11-17 22:47:14] EDIT law_m/controllers/default.py: 0
[2014-11-17 22:47:20] EDIT law_m/views/default/lawhome.html: 0
[2014-11-17 22:47:23] EDIT law_m/views/default/summon_edit.html: 0
[2014-11-17 22:47:23] EDIT law_m/views/default/summon_edit.html: 0
[2014-11-17 22:48:44] EDIT law_m/views/default/summon_edit.html: 0
[2014-11-17 22:48:44] EDIT law_m/views/default/summon_edit.html: 0
[2014-11-17 22:48:58] EDIT law_m/views/default/summon_edit.html: 0
[2014-11-17 22:48:58] EDIT law_m/views/default/summon_edit.html: 0
[2014-11-17 22:48:59] EDIT law_m/views/default/summon_edit.html: 0
[2014-11-17 22:49:30] EDIT law_m/views/default/summon_edit.html: 0
[2014-11-17 22:49:30] EDIT law_m/views/default/summon_edit.html: 0
[2014-11-17 22:49:52] EDIT law_m/views/default/summon_edit.html: 0
[2014-11-17 22:49:53] EDIT law_m/views/default/summon_edit.html: 0
[2014-11-17 22:50:09] EDIT law_m/views/default/summon_edit.html: 0
[2014-11-17 22:50:10] EDIT law_m/views/default/summon_edit.html: 0
[2014-11-17 22:50:29] EDIT law_m/views/default/summon_edit.html: 0
[2014-11-17 22:50:29] EDIT law_m/views/default/summon_edit.html: 0
[2014-11-17 22:50:47] EDIT law_m/views/default/summon_edit.html: 0
[2014-11-17 22:50:47] EDIT law_m/views/default/summon_edit.html: 0
[2014-11-17 22:51:30] EDIT law_m/views/default/summon_edit.html: 0
[2014-11-17 22:51:30] EDIT law_m/views/default/summon_edit.html: 0
[2014-11-17 22:52:10] EDIT law_m/views/default/summon_edit.html: 0
[2014-11-17 22:52:10] EDIT law_m/views/default/summon_edit.html: 0
[2014-11-17 22:52:10] EDIT law_m/views/default/summon_edit.html: 0
[2014-11-17 22:52:36] EDIT law_m/views/default/summon_edit.html: 0
[2014-11-17 22:52:36] EDIT law_m/views/default/summon_edit.html: 0
[2014-11-17 22:52:36] EDIT law_m/views/default/summon_edit.html: 0
[2014-11-17 22:56:00] EDIT law_m/controllers/default.py: 4
[2014-11-17 22:56:00] EDIT law_m/controllers/default.py: 0
[2014-11-17 22:56:24] EDIT law_m/controllers/default.py: 0
[2014-11-17 22:56:24] EDIT law_m/controllers/default.py: 0
[2014-11-17 22:56:25] EDIT law_m/controllers/default.py: 0
[2014-11-17 22:56:25] EDIT law_m/controllers/default.py: 0
[2014-11-17 22:56:26] EDIT law_m/controllers/default.py: 0
[2014-11-17 22:56:36] EDIT law_m/controllers/default.py: 0
[2014-11-17 22:56:37] EDIT law_m/controllers/default.py: 0
[2014-11-17 22:56:37] EDIT law_m/controllers/default.py: 0
[2014-11-17 22:57:02] EDIT law_m/controllers/default.py: 0
[2014-11-17 22:57:04] EDIT law_m/controllers/default.py: 0
[2014-11-17 22:57:05] EDIT law_m/controllers/default.py: 0
[2014-11-17 22:57:05] EDIT law_m/controllers/default.py: 0
[2014-11-17 22:57:05] EDIT law_m/controllers/default.py: 0
[2014-11-17 22:57:32] EDIT law_m/controllers/default.py: 0
[2014-11-17 22:57:32] EDIT law_m/controllers/default.py: 0
[2014-11-17 22:57:46] EDIT law_m/views/default/summon_edit.html: 0
[2014-11-17 22:58:55] EDIT law_m/controllers/default.py: 1
[2014-11-17 22:58:55] EDIT law_m/controllers/default.py: 0
[2014-11-17 22:59:29] EDIT law_m/controllers/default.py: 0
[2014-11-17 22:59:29] EDIT law_m/controllers/default.py: 0
[2014-11-17 23:01:29] EDIT law_m/controllers/default.py: -1
[2014-11-17 23:01:30] EDIT law_m/controllers/default.py: 0
[2014-11-17 23:07:11] EDIT law_m/controllers/default.py: 1
[2014-11-17 23:07:11] EDIT law_m/controllers/default.py: 0
[2014-11-17 23:07:11] EDIT law_m/controllers/default.py: 0
[2014-11-17 23:07:12] EDIT law_m/controllers/default.py: 0
[2014-11-17 23:07:54] EDIT law_m/controllers/default.py: 1
[2014-11-17 23:07:54] EDIT law_m/controllers/default.py: 0
[2014-11-17 23:07:55] EDIT law_m/controllers/default.py: 0
[2014-11-17 23:07:55] EDIT law_m/controllers/default.py: 0
[2014-11-17 23:09:22] EDIT law_m/controllers/default.py: 0
[2014-11-17 23:09:23] EDIT law_m/controllers/default.py: 0
[2014-11-17 23:09:23] EDIT law_m/controllers/default.py: 0
[2014-11-17 23:09:23] EDIT law_m/controllers/default.py: 0
[2014-11-17 23:09:25] EDIT law_m/controllers/default.py: 0
[2014-11-17 23:09:25] EDIT law_m/controllers/default.py: 0
[2014-11-17 23:10:23] EDIT law_m/controllers/default.py: 2
[2014-11-17 23:10:23] EDIT law_m/controllers/default.py: 0
[2014-11-17 23:10:59] CREATE default/close_case.html: 0
[2014-11-17 23:18:07] EDIT law_m/controllers/default.py: 3
[2014-11-17 23:18:07] EDIT law_m/controllers/default.py: 0
[2014-11-17 23:18:12] EDIT law_m/controllers/default.py: -2
[2014-11-17 23:18:12] EDIT law_m/controllers/default.py: 0
[2014-11-17 23:18:13] EDIT law_m/controllers/default.py: 0
[2014-11-17 23:18:30] DELETE law_m/views/default/close_case.html: -3
[2014-11-17 23:34:20] EDIT law_m/views/default/summon_edit.html: 0
[2014-11-17 23:34:20] EDIT law_m/views/default/summon_edit.html: 0
[2014-11-17 23:34:24] EDIT law_m/controllers/default.py: 2
[2014-11-17 23:34:53] EDIT law_m/controllers/default.py: 0
[2014-11-17 23:34:55] EDIT law_m/controllers/default.py: 0
[2014-11-17 23:34:56] EDIT law_m/controllers/default.py: 0
[2014-11-17 23:35:19] CREATE default/summon_temp.html: 0
[2014-11-17 23:35:24] EDIT law_m/controllers/default.py: 0
[2014-11-17 23:35:25] EDIT law_m/controllers/default.py: 0
[2014-11-17 23:35:25] EDIT law_m/controllers/default.py: 0
[2014-11-17 23:38:30] CREATE default/description_temp.html: 0
[2014-11-17 23:39:01] CREATE default/change_description.html: 0
[2014-11-17 23:40:07] EDIT law_m/controllers/default.py: 2
[2014-11-17 23:40:31] EDIT law_m/controllers/default.py: 2
[2014-11-17 23:40:31] EDIT law_m/controllers/default.py: 0
[2014-11-17 23:43:18] EDIT law_m/views/default/description_temp.html: 3
[2014-11-17 23:45:29] EDIT law_m/views/default/description_temp.html: 0
[2014-11-17 23:45:29] EDIT law_m/views/default/description_temp.html: 0
[2014-11-17 23:45:30] EDIT law_m/views/default/description_temp.html: 0
[2014-11-17 23:45:30] EDIT law_m/views/default/description_temp.html: 0
[2014-11-17 23:45:39] EDIT law_m/views/default/description_temp.html: 0
[2014-11-17 23:46:53] EDIT law_m/controllers/default.py: 2
[2014-11-17 23:46:53] EDIT law_m/controllers/default.py: 0
[2014-11-17 23:46:54] EDIT law_m/controllers/default.py: 0
[2014-11-17 23:48:34] EDIT law_m/views/default/lawhome.html: 0
[2014-11-17 23:50:35] EDIT law_m/controllers/default.py: 0
[2014-11-17 23:50:36] EDIT law_m/controllers/default.py: 0
[2014-11-17 23:50:36] EDIT law_m/controllers/default.py: 0
[2014-11-17 23:51:35] EDIT law_m/views/default/description_temp.html: 0
[2014-11-17 23:51:35] EDIT law_m/views/default/description_temp.html: 0
[2014-11-17 23:51:35] EDIT law_m/views/default/description_temp.html: 0
[2014-11-17 23:51:46] EDIT law_m/views/default/description_temp.html: 0
[2014-11-17 23:52:29] EDIT law_m/views/default/description_temp.html: 0
[2014-11-17 23:52:30] EDIT law_m/views/default/description_temp.html: 0
[2014-11-17 23:54:00] EDIT law_m/controllers/default.py: 6
[2014-11-17 23:54:00] EDIT law_m/controllers/default.py: 0
[2014-11-17 23:54:00] EDIT law_m/controllers/default.py: 0
[2014-11-17 23:55:18] EDIT law_m/views/default/description_temp.html: -1
[2014-11-17 23:55:18] EDIT law_m/views/default/description_temp.html: 0
[2014-11-17 23:56:03] EDIT law_m/views/default/description_temp.html: 0
[2014-11-18 00:00:43] CREATE default/client_case_search.html: 0
[2014-11-18 00:01:02] CREATE default/client_case_view.html: 0
[2014-11-18 00:43:40] EDIT law_m/views/default/client_case_search.html: 7
[2014-11-18 00:43:41] EDIT law_m/views/default/client_case_search.html: 0
[2014-11-18 00:43:42] EDIT law_m/views/default/client_case_search.html: 0
[2014-11-18 00:43:57] EDIT law_m/views/default/client_case_search.html: 0
[2014-11-18 00:47:01] EDIT law_m/controllers/default.py: 7
[2014-11-18 00:47:02] EDIT law_m/controllers/default.py: 0
[2014-11-18 00:47:13] EDIT law_m/controllers/default.py: 1
[2014-11-18 00:47:13] EDIT law_m/controllers/default.py: 0
[2014-11-18 00:47:14] EDIT law_m/controllers/default.py: 0
[2014-11-18 00:51:03] EDIT law_m/views/default/client_case_view.html: 17
[2014-11-18 00:51:03] EDIT law_m/views/default/client_case_view.html: 0
[2014-11-18 00:51:03] EDIT law_m/views/default/client_case_view.html: 0
[2014-11-18 00:51:08] EDIT law_m/controllers/default.py: 0
[2014-11-18 00:51:28] EDIT law_m/views/default/client_case_view.html: 0
[2014-11-18 00:54:53] EDIT law_m/views/default/client_case_view.html: 4
[2014-11-18 00:54:53] EDIT law_m/views/default/client_case_view.html: 0
[2014-11-18 00:54:53] EDIT law_m/views/default/client_case_view.html: 0
[2014-11-18 00:54:54] EDIT law_m/views/default/client_case_view.html: 0
[2014-11-18 00:54:54] EDIT law_m/views/default/client_case_view.html: 0
[2014-11-18 00:54:55] EDIT law_m/views/default/client_case_view.html: 0
[2014-11-18 00:55:30] EDIT law_m/views/default/client_case_view.html: 0
[2014-11-18 00:55:30] EDIT law_m/views/default/client_case_view.html: 0
[2014-11-18 00:55:30] EDIT law_m/views/default/client_case_view.html: 0
[2014-11-18 00:55:33] EDIT law_m/views/default/client_case_view.html: 0
[2014-11-18 01:02:56] EDIT law_m/views/default/client_case_view.html: 0
[2014-11-18 01:02:57] EDIT law_m/views/default/client_case_view.html: 0
[2014-11-18 01:02:57] EDIT law_m/views/default/client_case_view.html: 0
[2014-11-18 01:02:57] EDIT law_m/views/default/client_case_view.html: 0
[2014-11-18 01:04:49] EDIT law_m/views/default/client_case_view.html: 1
[2014-11-18 01:04:49] EDIT law_m/views/default/client_case_view.html: 0
[2014-11-18 01:06:49] EDIT law_m/models/menu.py: 1
[2014-11-18 01:06:49] EDIT law_m/models/menu.py: 0
[2014-11-18 01:06:50] EDIT law_m/models/menu.py: 0
[2014-11-18 01:06:50] EDIT law_m/models/menu.py: 0
[2014-11-18 01:08:04] EDIT law_m/models/menu.py: 1
[2014-11-18 01:16:57] CREATE default/search_lawyer.html: 0
[2014-11-18 01:17:54] EDIT law_m/controllers/default.py: 2
[2014-11-18 01:17:54] EDIT law_m/controllers/default.py: 0
[2014-11-18 01:17:55] EDIT law_m/controllers/default.py: 0
[2014-11-18 01:23:15] EDIT law_m/controllers/default.py: 1
[2014-11-18 01:23:16] EDIT law_m/controllers/default.py: 0
[2014-11-18 01:24:09] EDIT law_m/views/default/search_lawyer.html: 3
[2014-11-18 01:24:09] EDIT law_m/views/default/search_lawyer.html: 0
[2014-11-18 01:24:38] EDIT law_m/models/menu.py: 0
[2014-11-18 01:24:38] EDIT law_m/models/menu.py: 0
[2014-11-18 01:25:32] EDIT law_m/views/default/search_lawyer.html: 0
[2014-11-18 01:25:32] EDIT law_m/views/default/search_lawyer.html: 0
[2014-11-18 01:26:28] EDIT law_m/views/default/search_lawyer.html: 1
[2014-11-18 01:32:32] EDIT law_m/views/default/search_lawyer.html: 6
[2014-11-18 01:32:32] EDIT law_m/views/default/search_lawyer.html: 0
[2014-11-18 01:32:32] EDIT law_m/views/default/search_lawyer.html: 0
[2014-11-18 01:32:32] EDIT law_m/views/default/search_lawyer.html: 0
[2014-11-18 01:34:34] EDIT law_m/views/default/search_lawyer.html: 0
[2014-11-18 01:34:34] EDIT law_m/views/default/search_lawyer.html: 0
[2014-11-18 01:34:35] EDIT law_m/views/default/search_lawyer.html: 0
[2014-11-18 01:34:37] EDIT law_m/views/default/search_lawyer.html: 0
[2014-11-18 01:34:37] EDIT law_m/views/default/search_lawyer.html: 0
[2014-11-18 01:35:09] EDIT law_m/views/default/search_lawyer.html: 0
[2014-11-18 01:35:09] EDIT law_m/views/default/search_lawyer.html: 0
[2014-11-18 01:35:10] EDIT law_m/views/default/search_lawyer.html: 0
[2014-11-18 01:35:50] EDIT law_m/views/default/search_lawyer.html: 0
[2014-11-18 01:35:51] EDIT law_m/views/default/search_lawyer.html: 0
[2014-11-18 01:35:51] EDIT law_m/views/default/search_lawyer.html: 0
[2014-11-18 01:38:44] EDIT law_m/views/default/search_lawyer.html: 6
[2014-11-18 01:38:44] EDIT law_m/views/default/search_lawyer.html: 0
[2014-11-18 01:38:44] EDIT law_m/views/default/search_lawyer.html: 0
[2014-11-18 01:38:49] EDIT law_m/views/default/search_lawyer.html: 0
[2014-11-18 01:38:49] EDIT law_m/views/default/search_lawyer.html: 0
[2014-11-18 01:39:12] EDIT law_m/views/default/search_lawyer.html: 1
[2014-11-18 01:39:12] EDIT law_m/views/default/search_lawyer.html: 0
[2014-11-18 01:40:03] CREATE default/lawyer_found.html: 0
[2014-11-18 01:43:04] EDIT law_m/controllers/default.py: 1
[2014-11-18 01:43:33] EDIT law_m/controllers/default.py: 1
[2014-11-18 01:43:34] EDIT law_m/controllers/default.py: 0
[2014-11-18 01:49:14] EDIT law_m/controllers/default.py: 1
[2014-11-18 01:49:14] EDIT law_m/controllers/default.py: 0
[2014-11-18 01:49:14] EDIT law_m/controllers/default.py: 0
[2014-11-18 01:49:15] EDIT law_m/controllers/default.py: 0
[2014-11-18 01:49:34] EDIT law_m/controllers/default.py: 0
[2014-11-18 01:49:34] EDIT law_m/controllers/default.py: 0
[2014-11-18 01:49:57] EDIT law_m/views/default/lawyer_found.html: -1
[2014-11-18 01:49:57] EDIT law_m/views/default/lawyer_found.html: 0
[2014-11-18 01:49:57] EDIT law_m/views/default/lawyer_found.html: 0
[2014-11-18 01:49:59] EDIT law_m/views/default/lawyer_found.html: 0
[2014-11-18 01:50:38] EDIT law_m/controllers/default.py: 1
[2014-11-18 01:50:57] EDIT law_m/controllers/default.py: 0
[2014-11-18 01:56:37] EDIT law_m/views/default/lawyer_found.html: 17
[2014-11-18 01:57:39] EDIT law_m/views/default/lawyer_found.html: 0
[2014-11-18 02:06:52] EDIT law_m/views/default/lawyer_found.html: 0
[2014-11-18 02:11:03] EDIT law_m/views/default/lawyer_found.html: 0
[2014-11-18 02:20:00] EDIT law_m/models/menu.py: 1
[2014-11-18 02:21:31] CREATE default/queries.html: 0
[2014-11-18 02:35:27] EDIT law_m/models/db.py: 6
[2014-11-18 02:36:43] CREATE default/client_enter.html: 0
[2014-11-18 02:40:44] EDIT law_m/views/default/client_enter.html: 7
[2014-11-18 02:40:44] EDIT law_m/views/default/client_enter.html: 0
[2014-11-18 02:41:22] EDIT law_m/controllers/default.py: 6
[2014-11-18 02:41:22] EDIT law_m/controllers/default.py: 0
[2014-11-18 02:42:09] EDIT law_m/controllers/default.py: 0
[2014-11-18 02:42:09] EDIT law_m/controllers/default.py: 0
[2014-11-18 02:44:15] EDIT law_m/models/menu.py: 0
[2014-11-18 02:44:16] EDIT law_m/models/menu.py: 0
[2014-11-18 02:45:11] EDIT law_m/controllers/default.py: -4
[2014-11-18 02:45:11] EDIT law_m/controllers/default.py: 0
[2014-11-18 02:45:12] EDIT law_m/controllers/default.py: 0
[2014-11-18 02:52:17] EDIT law_m/models/db.py: 0
[2014-11-18 02:53:07] EDIT law_m/models/db.py: -1
[2014-11-18 02:53:07] EDIT law_m/models/db.py: 0
[2014-11-18 02:53:07] EDIT law_m/models/db.py: 0
[2014-11-18 02:53:32] EDIT law_m/models/db.py: 0
[2014-11-18 02:53:32] EDIT law_m/models/db.py: 0
[2014-11-18 02:54:03] EDIT law_m/models/db.py: 0
[2014-11-18 02:54:03] EDIT law_m/models/db.py: 0
[2014-11-18 02:54:24] EDIT law_m/models/db.py: 0
[2014-11-18 02:54:24] EDIT law_m/models/db.py: 0
[2014-11-18 02:54:37] EDIT law_m/models/db.py: 0
[2014-11-18 02:54:50] EDIT law_m/models/db.py: 0
[2014-11-18 02:55:28] CREATE default/common.html: 0
[2014-11-18 02:56:05] EDIT law_m/controllers/default.py: 2
[2014-11-18 02:57:28] EDIT law_m/views/default/common.html: 5
[2014-11-18 02:57:28] EDIT law_m/views/default/common.html: 0
[2014-11-18 02:57:29] EDIT law_m/views/default/common.html: 0
[2014-11-18 02:57:46] CREATE default/processs.html: 0
[2014-11-18 03:02:53] EDIT law_m/views/default/processs.html: 10
[2014-11-18 03:03:54] EDIT law_m/controllers/default.py: 6
[2014-11-18 03:03:54] EDIT law_m/controllers/default.py: 0
[2014-11-18 03:17:11] EDIT law_m/views/default/processs.html: 12
[2014-11-18 03:17:11] EDIT law_m/views/default/processs.html: 0
[2014-11-18 03:17:12] EDIT law_m/views/default/processs.html: 0
[2014-11-18 03:17:12] EDIT law_m/views/default/processs.html: 0
[2014-11-18 03:18:43] EDIT law_m/views/default/processs.html: 2
[2014-11-18 03:18:44] EDIT law_m/views/default/processs.html: 0
[2014-11-18 03:18:44] EDIT law_m/views/default/processs.html: 0
[2014-11-18 03:19:49] EDIT law_m/controllers/default.py: 3
[2014-11-18 03:20:20] EDIT law_m/models/menu.py: 0
[2014-11-18 03:22:09] EDIT law_m/controllers/default.py: 0
[2014-11-18 03:23:02] EDIT law_m/views/default/processs.html: 1
[2014-11-18 03:23:03] EDIT law_m/views/default/processs.html: 0
[2014-11-18 03:23:32] EDIT law_m/views/default/processs.html: 0
[2014-11-18 03:23:32] EDIT law_m/views/default/processs.html: 0
[2014-11-18 03:24:37] EDIT law_m/views/default/processs.html: 1
[2014-11-18 03:24:37] EDIT law_m/views/default/processs.html: 0
[2014-11-18 03:24:37] EDIT law_m/views/default/processs.html: 0
[2014-11-18 03:25:37] EDIT law_m/views/default/processs.html: 0
[2014-11-18 03:25:38] EDIT law_m/views/default/processs.html: 0
[2014-11-18 03:25:56] EDIT law_m/views/default/processs.html: 0
[2014-11-18 03:25:56] EDIT law_m/views/default/processs.html: 0
[2014-11-18 03:29:02] EDIT law_m/controllers/default.py: 1
[2014-11-18 03:29:33] EDIT law_m/views/default/processs.html: 1
[2014-11-18 03:29:33] EDIT law_m/views/default/processs.html: 0
[2014-11-18 03:29:33] EDIT law_m/views/default/processs.html: 0
[2014-11-18 03:30:24] EDIT law_m/controllers/default.py: -1
[2014-11-18 03:31:44] EDIT law_m/controllers/default.py: 2
[2014-11-18 03:31:44] EDIT law_m/controllers/default.py: 0
[2014-11-18 03:31:45] EDIT law_m/controllers/default.py: 0
[2014-11-18 03:32:47] EDIT law_m/controllers/default.py: 0
[2014-11-18 03:32:48] EDIT law_m/controllers/default.py: 0
[2014-11-18 03:32:48] EDIT law_m/controllers/default.py: 0
[2014-11-18 03:36:46] EDIT law_m/controllers/default.py: 1
[2014-11-18 03:40:38] EDIT law_m/views/default/queries.html: 5
[2014-11-18 03:40:38] EDIT law_m/views/default/queries.html: 0
[2014-11-18 03:40:38] EDIT law_m/views/default/queries.html: 0
[2014-11-18 03:41:08] EDIT law_m/views/default/queries.html: 0
[2014-11-18 03:41:09] EDIT law_m/views/default/queries.html: 0
[2014-11-18 03:44:27] EDIT law_m/views/default/queries.html: 4
[2014-11-18 03:44:27] EDIT law_m/views/default/queries.html: 0
[2014-11-18 03:44:28] EDIT law_m/views/default/queries.html: 0
[2014-11-18 03:44:56] CREATE default/enter_msg.html: 0
[2014-11-18 03:51:32] EDIT law_m/controllers/default.py: 11
[2014-11-18 03:51:42] EDIT law_m/controllers/default.py: 0
[2014-11-18 03:51:43] EDIT law_m/controllers/default.py: 0
[2014-11-18 03:51:43] EDIT law_m/controllers/default.py: 0
[2014-11-18 03:52:46] EDIT law_m/controllers/default.py: 0
[2014-11-18 03:52:46] EDIT law_m/controllers/default.py: 0
[2014-11-18 03:52:46] EDIT law_m/controllers/default.py: 0
[2014-11-18 15:09:05] EDIT lawyer_final/models/db.py: 5
[2014-11-18 15:10:46] EDIT lawyer_final/models/menu.py: 1
[2014-11-18 15:11:09] EDIT lawyer_final/models/menu.py: 0
[2014-11-18 15:11:32] EDIT lawyer_final/models/menu.py: 0
[2014-11-18 15:11:55] EDIT lawyer_final/models/menu.py: -1
[2014-11-18 15:12:29] EDIT lawyer_final/models/menu.py: 1
[2014-11-18 15:12:30] EDIT lawyer_final/models/menu.py: 0
[2014-11-18 15:13:22] CREATE default/rating_feedback.html: 0
[2014-11-18 15:14:52] EDIT lawyer_final/views/default/rating_feedback.html: 1
[2014-11-18 15:15:57] EDIT lawyer_final/views/default/rating_feedback.html: 2
[2014-11-18 15:16:11] EDIT lawyer_final/views/default/rating_feedback.html: 0
[2014-11-18 15:18:37] EDIT lawyer_final/views/default/rating_feedback.html: 1
[2014-11-18 15:18:42] EDIT lawyer_final/views/default/rating_feedback.html: 0
[2014-11-18 15:18:53] EDIT lawyer_final/views/default/rating_feedback.html: 0
[2014-11-18 15:18:55] EDIT lawyer_final/views/default/rating_feedback.html: 0
[2014-11-18 15:19:50] EDIT lawyer_final/views/default/rating_feedback.html: 0
[2014-11-18 15:19:54] EDIT lawyer_final/views/default/rating_feedback.html: 0
[2014-11-18 15:20:00] EDIT lawyer_final/views/default/rating_feedback.html: 0
[2014-11-18 15:20:41] EDIT lawyer_final/controllers/default.py: 4
[2014-11-18 15:20:59] CREATE default/rating_temp.html: 0
[2014-11-18 15:21:36] EDIT lawyer_final/models/db.py: 1
[2014-11-18 15:21:46] EDIT lawyer_final/models/db.py: 0
[2014-11-18 15:23:01] EDIT lawyer_final/controllers/default.py: 4
[2014-11-18 15:23:17] EDIT lawyer_final/views/default/rating_feedback.html: 0
[2014-11-18 15:23:27] EDIT lawyer_final/views/default/rating_feedback.html: 0
[2014-11-18 15:24:17] EDIT lawyer_final/models/db.py: 0
[2014-11-18 15:25:12] EDIT lawyer_final/views/default/rating_feedback.html: 0
[2014-11-18 15:25:45] EDIT lawyer_final/views/default/rating_feedback.html: 0
[2014-11-18 15:26:16] EDIT lawyer_final/controllers/default.py: -1
[2014-11-18 15:26:26] EDIT lawyer_final/controllers/default.py: 0
[2014-11-18 15:26:32] EDIT lawyer_final/controllers/default.py: 0
[2014-11-18 15:26:36] EDIT lawyer_final/views/default/rating_feedback.html: 0
[2014-11-18 15:26:38] EDIT lawyer_final/models/db.py: 0
[2014-11-18 15:27:58] EDIT lawyer_final/views/default/rating_feedback.html: 0
[2014-11-18 15:28:28] EDIT lawyer_final/views/default/rating_feedback.html: 0
[2014-11-18 15:28:57] EDIT lawyer_final/views/default/rating_feedback.html: 0
[2014-11-18 15:29:35] EDIT lawyer_final/views/default/rating_feedback.html: 0
[2014-11-18 15:30:06] EDIT lawyer_final/views/default/rating_feedback.html: 0
[2014-11-18 15:30:35] EDIT lawyer_final/views/default/rating_feedback.html: 0
[2014-11-18 15:31:11] EDIT lawyer_final/views/default/rating_feedback.html: 0
[2014-11-18 15:31:43] EDIT lawyer_final/views/default/rating_feedback.html: 0
[2014-11-18 15:31:59] EDIT lawyer_final/views/default/rating_feedback.html: 0
[2014-11-18 15:32:01] EDIT lawyer_final/views/default/rating_feedback.html: 0
[2014-11-18 15:32:46] EDIT lawyer_final/controllers/default.py: 0
[2014-11-18 15:34:09] EDIT lawyer_final/controllers/default.py: 1
[2014-11-18 15:34:12] EDIT lawyer_final/controllers/default.py: 0
[2014-11-18 15:34:14] EDIT lawyer_final/controllers/default.py: 0
[2014-11-18 15:34:44] EDIT lawyer_final/views/default/rating_temp.html: -2
[2014-11-18 15:36:23] EDIT lawyer_final/controllers/default.py: 4
[2014-11-18 15:36:29] EDIT lawyer_final/controllers/default.py: 0
[2014-11-18 15:37:21] EDIT lawyer_final/controllers/default.py: 0
[2014-11-18 15:39:43] EDIT lawyer_final/controllers/default.py: 3
[2014-11-18 15:39:52] EDIT lawyer_final/controllers/default.py: 0
[2014-11-18 15:40:11] EDIT lawyer_final/controllers/default.py: 0
[2014-11-18 15:40:12] EDIT lawyer_final/controllers/default.py: 0
[2014-11-18 15:40:13] EDIT lawyer_final/controllers/default.py: 0
[2014-11-18 15:40:14] EDIT lawyer_final/controllers/default.py: 0
[2014-11-18 15:40:14] EDIT lawyer_final/controllers/default.py: 0
[2014-11-18 15:40:15] EDIT lawyer_final/controllers/default.py: 0
[2014-11-18 15:40:18] EDIT lawyer_final/controllers/default.py: 0
[2014-11-18 15:40:49] EDIT lawyer_final/controllers/default.py: 1
[2014-11-18 15:43:11] EDIT lawyer_final/controllers/default.py: 5
[2014-11-18 15:47:45] EDIT lawyer_final/controllers/default.py: 0
[2014-11-18 15:48:12] EDIT lawyer_final/controllers/default.py: 0
[2014-11-18 15:48:16] EDIT lawyer_final/controllers/default.py: 0
[2014-11-18 15:49:02] EDIT lawyer_final/controllers/default.py: 0
[2014-11-18 15:49:03] EDIT lawyer_final/controllers/default.py: 0
[2014-11-18 15:50:36] EDIT lawyer_final/controllers/default.py: 0
[2014-11-18 15:51:36] EDIT lawyer_final/controllers/default.py: 0
[2014-11-18 15:52:30] EDIT lawyer_final/controllers/default.py: 0
[2014-11-18 15:52:37] EDIT lawyer_final/controllers/default.py: 0
[2014-11-18 15:53:33] EDIT lawyer_final/controllers/default.py: 0
[2014-11-18 15:54:43] EDIT lawyer_final/controllers/default.py: 0
[2014-11-18 15:57:43] EDIT lawyer_final/controllers/default.py: 1
[2014-11-18 16:12:55] EDIT lawyer_final/controllers/default.py: 2
[2014-11-18 16:13:10] CREATE default/send_mail.html: 0
[2014-11-18 16:16:06] EDIT lawyer_final/controllers/default.py: 9
[2014-11-18 16:16:54] EDIT lawyer_final/controllers/default.py: 0
[2014-11-18 16:16:54] EDIT lawyer_final/controllers/default.py: 0
[2014-11-18 16:16:55] EDIT lawyer_final/controllers/default.py: 0
[2014-11-18 16:16:55] EDIT lawyer_final/controllers/default.py: 0
[2014-11-18 16:21:05] EDIT lawyer_final/controllers/default.py: 0
[2014-11-18 16:21:05] EDIT lawyer_final/controllers/default.py: 0
[2014-11-18 16:27:11] EDIT lawyer_final/controllers/default.py: 4
[2014-11-18 16:27:12] EDIT lawyer_final/controllers/default.py: 0
[2014-11-18 16:27:25] CREATE default/datee.html: 0
[2014-11-18 16:28:59] EDIT lawyer_final/controllers/default.py: 0
[2014-11-18 16:29:00] EDIT lawyer_final/controllers/default.py: 0
[2014-11-18 16:29:22] EDIT lawyer_final/controllers/default.py: 0
[2014-11-18 16:29:22] EDIT lawyer_final/controllers/default.py: 0
[2014-11-18 16:30:11] EDIT lawyer_final/controllers/default.py: 0
[2014-11-18 16:30:11] EDIT lawyer_final/controllers/default.py: 0
[2014-11-18 16:30:31] EDIT lawyer_final/controllers/default.py: 0
[2014-11-18 16:30:31] EDIT lawyer_final/controllers/default.py: 0
[2014-11-18 16:30:31] EDIT lawyer_final/controllers/default.py: 0
[2014-11-18 16:30:54] EDIT lawyer_final/controllers/default.py: 0
[2014-11-18 16:30:54] EDIT lawyer_final/controllers/default.py: 0
[2014-11-18 16:32:19] EDIT lawyer_final/controllers/default.py: 1
[2014-11-18 16:32:20] EDIT lawyer_final/controllers/default.py: 0
[2014-11-18 16:32:20] EDIT lawyer_final/controllers/default.py: 0
[2014-11-18 16:32:40] EDIT lawyer_final/controllers/default.py: -1
[2014-11-18 16:32:40] EDIT lawyer_final/controllers/default.py: 0
[2014-11-18 16:34:03] EDIT lawyer_final/controllers/default.py: 0
[2014-11-18 16:34:04] EDIT lawyer_final/controllers/default.py: 0
[2014-11-18 16:34:04] EDIT lawyer_final/controllers/default.py: 0
[2014-11-18 16:34:31] EDIT lawyer_final/controllers/default.py: 0
[2014-11-18 16:34:32] EDIT lawyer_final/controllers/default.py: 0
[2014-11-18 16:35:33] EDIT lawyer_final/controllers/default.py: 0
[2014-11-18 16:35:33] EDIT lawyer_final/controllers/default.py: 0
[2014-11-18 16:35:46] EDIT lawyer_final/controllers/default.py: 0
[2014-11-18 16:35:46] EDIT lawyer_final/controllers/default.py: 0
[2014-11-18 16:36:48] EDIT lawyer_final/controllers/default.py: 0
[2014-11-18 16:36:48] EDIT lawyer_final/controllers/default.py: 0
[2014-11-18 16:36:49] EDIT lawyer_final/controllers/default.py: 0
[2014-11-18 16:36:51] EDIT lawyer_final/controllers/default.py: 0
[2014-11-18 16:39:23] EDIT lawyer_final/views/default/lawhome.html: 12
[2014-11-18 16:39:23] EDIT lawyer_final/views/default/lawhome.html: 0
[2014-11-18 16:42:01] EDIT lawyer_final/views/default/lawhome.html: 2
[2014-11-18 16:42:01] EDIT lawyer_final/views/default/lawhome.html: 0
[2014-11-18 16:42:41] EDIT lawyer_final/views/default/lawhome.html: 0
[2014-11-18 16:42:41] EDIT lawyer_final/views/default/lawhome.html: 0
[2014-11-18 16:42:42] EDIT lawyer_final/views/default/lawhome.html: 0
[2014-11-18 16:44:03] EDIT lawyer_final/views/default/lawhome.html: 0
[2014-11-18 16:44:04] EDIT lawyer_final/views/default/lawhome.html: 0
[2014-11-18 16:44:26] EDIT lawyer_final/views/default/lawhome.html: 1
[2014-11-18 16:44:26] EDIT lawyer_final/views/default/lawhome.html: 0
[2014-11-18 16:44:49] EDIT lawyer_final/views/default/lawhome.html: 0
[2014-11-18 16:44:49] EDIT lawyer_final/views/default/lawhome.html: 0
[2014-11-18 16:45:24] EDIT lawyer_final/views/default/lawhome.html: 1
[2014-11-18 16:45:25] EDIT lawyer_final/views/default/lawhome.html: 0
[2014-11-18 16:46:22] EDIT lawyer_final/views/default/lawhome.html: -2
[2014-11-18 16:46:22] EDIT lawyer_final/views/default/lawhome.html: 0
[2014-11-18 16:47:05] EDIT lawyer_final/views/default/lawhome.html: -2
[2014-11-18 16:47:05] EDIT lawyer_final/views/default/lawhome.html: 0
[2014-11-18 16:48:00] EDIT lawyer_final/views/default/lawhome.html: 0
[2014-11-18 16:48:01] EDIT lawyer_final/views/default/lawhome.html: 0
[2014-11-18 17:01:20] EDIT lawyer_final/controllers/default.py: 7
[2014-11-18 17:03:11] EDIT lawyer_final/views/default/lawhome.html: 0
[2014-11-18 17:03:11] EDIT lawyer_final/views/default/lawhome.html: 0
[2014-11-18 17:03:11] EDIT lawyer_final/views/default/lawhome.html: 0
[2014-11-18 17:03:18] EDIT lawyer_final/controllers/default.py: 0
[2014-11-18 17:04:46] EDIT lawyer_final/views/default/lawhome.html: 1
[2014-11-18 17:04:46] EDIT lawyer_final/views/default/lawhome.html: 0
[2014-11-18 17:07:40] EDIT lawyer_final/views/default/lawhome.html: 11
[2014-11-18 17:09:10] EDIT lawyer_final/views/default/lawhome.html: 0
[2014-11-18 17:09:10] EDIT lawyer_final/views/default/lawhome.html: 0
[2014-11-18 17:09:11] EDIT lawyer_final/views/default/lawhome.html: 0
[2014-11-18 17:09:11] EDIT lawyer_final/views/default/lawhome.html: 0
[2014-11-18 17:19:07] EDIT lawyer_final/views/default/lawhome.html: -1
[2014-11-18 17:19:07] EDIT lawyer_final/views/default/lawhome.html: 0
[2014-11-18 17:20:01] EDIT lawyer_final/views/default/lawhome.html: 0
[2014-11-18 17:20:01] EDIT lawyer_final/views/default/lawhome.html: 0
[2014-11-18 17:31:52] EDIT lawyer_final/models/menu.py: 1
[2014-11-18 17:31:52] EDIT lawyer_final/models/menu.py: 0
[2014-11-18 17:31:52] EDIT lawyer_final/models/menu.py: 0
[2014-11-18 17:33:05] EDIT lawyer_final/models/menu.py: 0
[2014-11-18 17:33:19] CREATE default/feed.html: 0
[2014-11-18 17:35:37] EDIT lawyer_final/models/db.py: 4
[2014-11-18 17:35:37] EDIT lawyer_final/models/db.py: 0
[2014-11-18 17:35:37] EDIT lawyer_final/models/db.py: 0
[2014-11-18 17:40:25] EDIT lawyer_final/controllers/default.py: 3
[2014-11-18 17:40:29] EDIT lawyer_final/controllers/default.py: 0
[2014-11-18 17:44:14] EDIT lawyer_final/views/default/feed.html: 2
[2014-11-18 17:44:15] EDIT lawyer_final/views/default/feed.html: 0
[2014-11-18 17:44:36] EDIT lawyer_final/views/default/feed.html: 1
[2014-11-18 17:44:37] EDIT lawyer_final/views/default/feed.html: 0
[2014-11-18 17:45:24] EDIT lawyer_final/controllers/default.py: 0
[2014-11-18 17:45:25] EDIT lawyer_final/controllers/default.py: 0
[2014-11-18 17:46:23] EDIT lawyer_final/views/default/feed.html: 0
[2014-11-18 17:46:24] EDIT lawyer_final/views/default/feed.html: 0
[2014-11-18 17:52:56] EDIT lawyer_final/views/default/feed.html: 1
[2014-11-18 17:54:24] EDIT lawyer_final/controllers/default.py: 2
[2014-11-18 17:54:24] EDIT lawyer_final/controllers/default.py: 0
[2014-11-18 17:54:31] EDIT lawyer_final/controllers/default.py: 0
[2014-11-18 17:54:32] EDIT lawyer_final/controllers/default.py: 0
[2014-11-18 17:54:32] EDIT lawyer_final/controllers/default.py: 0
[2014-11-18 17:55:30] EDIT lawyer_final/controllers/default.py: 1
[2014-11-18 17:55:30] EDIT lawyer_final/controllers/default.py: 0
[2014-11-18 17:56:11] EDIT lawyer_final/controllers/default.py: 0
[2014-11-18 17:56:12] EDIT lawyer_final/controllers/default.py: 0
[2014-11-18 17:56:12] EDIT lawyer_final/controllers/default.py: 0
[2014-11-18 18:00:18] EDIT lawyer_final/controllers/default.py: 0
[2014-11-18 18:00:19] EDIT lawyer_final/controllers/default.py: 0
[2014-11-18 18:00:29] EDIT lawyer_final/controllers/default.py: 0
[2014-11-18 18:00:30] EDIT lawyer_final/controllers/default.py: 0
[2014-11-18 18:02:24] EDIT lawyer_final/controllers/default.py: 5
[2014-11-18 18:02:31] EDIT lawyer_final/controllers/default.py: 0
[2014-11-18 18:02:34] EDIT lawyer_final/controllers/default.py: 0
[2014-11-18 18:02:37] EDIT lawyer_final/controllers/default.py: 0
[2014-11-18 18:02:38] EDIT lawyer_final/controllers/default.py: 0
[2014-11-18 18:02:39] EDIT lawyer_final/controllers/default.py: 0
[2014-11-18 18:03:27] EDIT lawyer_final/controllers/default.py: 0
[2014-11-18 18:03:27] EDIT lawyer_final/controllers/default.py: 0
[2014-11-18 18:03:28] EDIT lawyer_final/controllers/default.py: 0
[2014-11-18 19:26:31] EDIT lawyer_final/controllers/default.py: 2
[2014-11-18 19:27:02] CREATE default/enter_feedback.html: 0
[2014-11-18 19:27:35] EDIT lawyer_final/views/default/enter_feedback.html: -2
[2014-11-18 19:27:38] EDIT lawyer_final/controllers/default.py: 0
[2014-11-18 19:28:21] EDIT lawyer_final/controllers/default.py: 0
[2014-11-18 19:28:22] EDIT lawyer_final/controllers/default.py: 0
[2014-11-18 19:28:22] EDIT lawyer_final/controllers/default.py: 0
[2014-11-18 19:28:23] EDIT lawyer_final/controllers/default.py: 0
[2014-11-18 19:28:50] EDIT lawyer_final/models/menu.py: 0
[2014-11-18 19:28:51] EDIT lawyer_final/models/menu.py: 0
[2014-11-18 19:28:51] EDIT lawyer_final/models/menu.py: 0
[2014-11-18 19:28:52] EDIT lawyer_final/models/menu.py: 0
[2014-11-18 19:28:55] EDIT lawyer_final/models/menu.py: 0
[2014-11-18 19:28:55] EDIT lawyer_final/models/menu.py: 0
[2014-11-18 19:28:56] EDIT lawyer_final/models/menu.py: 0
[2014-11-18 19:34:43] EDIT lawyer_final/controllers/default.py: 0
[2014-11-18 19:34:43] EDIT lawyer_final/controllers/default.py: 0
[2014-11-18 19:36:25] EDIT lawyer_final/models/db.py: 0
[2014-11-18 19:36:25] EDIT lawyer_final/models/db.py: 0
[2014-11-18 19:36:26] EDIT lawyer_final/models/db.py: 0
[2014-11-18 19:36:44] EDIT lawyer_final/controllers/default.py: 0
[2014-11-18 19:36:44] EDIT lawyer_final/controllers/default.py: 0
[2014-11-18 19:37:26] EDIT lawyer_final/controllers/default.py: -7
[2014-11-18 19:37:27] EDIT lawyer_final/controllers/default.py: 0
[2014-11-18 19:37:27] EDIT lawyer_final/controllers/default.py: 0
[2014-11-18 19:37:30] EDIT lawyer_final/controllers/default.py: 0
[2014-11-18 19:37:30] EDIT lawyer_final/controllers/default.py: 0
[2014-11-18 19:37:41] EDIT lawyer_final/controllers/default.py: 0
[2014-11-18 19:37:41] EDIT lawyer_final/controllers/default.py: 0
[2014-11-18 19:38:13] EDIT lawyer_final/controllers/default.py: 0
[2014-11-18 19:38:13] EDIT lawyer_final/controllers/default.py: 0
[2014-11-18 19:39:56] EDIT lawyer_final/models/db.py: 0
[2014-11-18 19:39:57] EDIT lawyer_final/models/db.py: 0
[2014-11-18 19:39:57] EDIT lawyer_final/models/db.py: 0
[2014-11-18 19:39:58] EDIT lawyer_final/models/db.py: 0
[2014-11-18 19:40:18] EDIT lawyer_final/models/db.py: 0
[2014-11-18 19:40:19] EDIT lawyer_final/models/db.py: 0
[2014-11-18 19:40:24] EDIT lawyer_final/models/db.py: 0
[2014-11-18 19:40:25] EDIT lawyer_final/models/db.py: 0
[2014-11-18 19:41:44] EDIT lawyer_final/models/db.py: 0
[2014-11-18 19:41:45] EDIT lawyer_final/models/db.py: 0
[2014-11-18 19:43:00] EDIT lawyer_final/models/db.py: 0
[2014-11-18 19:43:01] EDIT lawyer_final/models/db.py: 0
[2014-11-18 19:43:06] EDIT lawyer_final/models/db.py: 0
[2014-11-18 19:43:07] EDIT lawyer_final/models/db.py: 0
[2014-11-18 19:43:13] EDIT lawyer_final/models/db.py: 0
[2014-11-18 19:43:14] EDIT lawyer_final/models/db.py: 0
[2014-11-18 19:43:14] EDIT lawyer_final/models/db.py: 0
[2014-11-18 19:43:20] EDIT lawyer_final/controllers/default.py: 0
[2014-11-18 19:43:20] EDIT lawyer_final/controllers/default.py: 0
[2014-11-18 19:43:20] EDIT lawyer_final/controllers/default.py: 0
[2014-11-18 19:43:42] EDIT lawyer_final/models/db.py: 0
[2014-11-18 19:43:43] EDIT lawyer_final/models/db.py: 0
[2014-11-18 19:44:38] EDIT lawyer_final/models/db.py: 0
[2014-11-18 19:44:39] EDIT lawyer_final/models/db.py: 0
[2014-11-18 19:44:55] EDIT lawyer_final/models/db.py: 0
[2014-11-18 19:44:55] EDIT lawyer_final/models/db.py: 0
[2014-11-18 19:45:31] EDIT lawyer_final/models/db.py: 0
[2014-11-18 19:45:32] EDIT lawyer_final/models/db.py: 0
[2014-11-18 19:45:32] EDIT lawyer_final/models/db.py: 0
[2014-11-18 19:47:21] EDIT lawyer_final/views/default/feed.html: 0
[2014-11-18 19:47:21] EDIT lawyer_final/views/default/feed.html: 0
[2014-11-18 19:47:22] EDIT lawyer_final/views/default/feed.html: 0
[2014-11-18 19:47:51] EDIT lawyer_final/models/db.py: 0
[2014-11-18 19:47:51] EDIT lawyer_final/models/db.py: 0
[2014-11-18 19:47:51] EDIT lawyer_final/models/db.py: 0
[2014-11-18 19:47:52] EDIT lawyer_final/models/db.py: 0
[2014-11-18 19:49:29] EDIT lawyer_final/models/menu.py: 0
[2014-11-18 19:49:29] EDIT lawyer_final/models/menu.py: 0
[2014-11-18 19:50:58] EDIT lawyer_final/views/default/feed.html: 0
[2014-11-18 19:50:58] EDIT lawyer_final/views/default/feed.html: 0
[2014-11-18 19:53:13] EDIT lawyer_final/views/default/feed.html: 6
[2014-11-18 19:53:13] EDIT lawyer_final/views/default/feed.html: 0
[2014-11-18 19:55:38] EDIT lawyer_final/controllers/default.py: 2
[2014-11-18 19:55:48] EDIT lawyer_final/controllers/default.py: 0
[2014-11-18 19:55:49] EDIT lawyer_final/controllers/default.py: 0
[2014-11-18 19:55:50] EDIT lawyer_final/controllers/default.py: 0
[2014-11-18 19:56:28] EDIT lawyer_final/views/default/feed.html: 0
[2014-11-18 19:56:28] EDIT lawyer_final/views/default/feed.html: 0
[2014-11-18 19:57:09] EDIT lawyer_final/controllers/default.py: 0
[2014-11-18 19:57:10] EDIT lawyer_final/controllers/default.py: 0
[2014-11-18 19:57:48] EDIT lawyer_final/controllers/default.py: 1
[2014-11-18 19:57:48] EDIT lawyer_final/controllers/default.py: 0
[2014-11-18 19:58:04] EDIT lawyer_final/controllers/default.py: 0
[2014-11-18 19:59:25] EDIT lawyer_final/views/default/feed.html: 0
[2014-11-18 19:59:28] EDIT lawyer_final/views/default/feed.html: -1
[2014-11-18 19:59:28] EDIT lawyer_final/views/default/feed.html: 0
[2014-11-18 20:52:17] EDIT lawyer_final/controllers/default.py: 1
[2014-11-18 20:52:17] EDIT lawyer_final/controllers/default.py: 0
[2014-11-18 21:02:42] EDIT lawyer_final/views/default/lawyer_found.html: 12
[2014-11-18 21:02:42] EDIT lawyer_final/views/default/lawyer_found.html: 0
[2014-11-18 21:03:07] EDIT lawyer_final/views/default/lawyer_found.html: 1
[2014-11-18 21:03:07] EDIT lawyer_final/views/default/lawyer_found.html: 0
[2014-11-18 21:04:51] EDIT lawyer_final/views/default/lawyer_found.html: 0
[2014-11-18 21:04:51] EDIT lawyer_final/views/default/lawyer_found.html: 0
[2014-11-18 21:04:52] EDIT lawyer_final/views/default/lawyer_found.html: 0
[2014-11-18 21:08:28] EDIT lawyer_final/views/default/lawyer_found.html: 0
[2014-11-18 21:08:28] EDIT lawyer_final/views/default/lawyer_found.html: 0
[2014-11-18 21:08:29] EDIT lawyer_final/views/default/lawyer_found.html: 0
[2014-11-18 21:11:08] EDIT lawyer_final/views/default/lawyer_found.html: 0
[2014-11-18 21:11:08] EDIT lawyer_final/views/default/lawyer_found.html: 0
[2014-11-18 21:11:08] EDIT lawyer_final/views/default/lawyer_found.html: 0
[2014-11-18 21:12:33] EDIT lawyer_final/views/default/lawyer_found.html: 0
[2014-11-18 21:12:34] EDIT lawyer_final/views/default/lawyer_found.html: 0
[2014-11-18 21:57:00] EDIT lawyer_final/static/css/web2py_bootstrap.css: 7
[2014-11-18 21:57:00] EDIT lawyer_final/static/css/web2py_bootstrap.css: 0
[2014-11-18 21:57:01] EDIT lawyer_final/static/css/web2py_bootstrap.css: 0
[2014-11-18 21:59:03] EDIT lawyer_final/static/css/web2py_bootstrap.css: 0
[2014-11-18 21:59:03] EDIT lawyer_final/static/css/web2py_bootstrap.css: 0
[2014-11-18 22:00:18] EDIT lawyer_final/static/css/web2py_bootstrap.css: 0
[2014-11-18 22:02:28] EDIT lawyer_final/static/css/web2py_bootstrap.css: 0
[2014-11-18 22:03:17] EDIT lawyer_final/static/css/web2py_bootstrap.css: 0
[2014-11-18 22:03:53] EDIT lawyer_final/static/css/web2py_bootstrap.css: 0
[2014-11-18 22:04:46] EDIT lawyer_final/static/css/web2py_bootstrap.css: 0
[2014-11-18 22:05:06] EDIT lawyer_final/static/css/web2py_bootstrap.css: 0
[2014-11-18 22:05:12] EDIT lawyer_final/static/css/web2py_bootstrap.css: 0
[2014-11-18 22:05:21] EDIT lawyer_final/static/css/web2py_bootstrap.css: 0
[2014-11-18 22:08:38] EDIT lawyer_final/static/css/web2py_bootstrap.css: 0
[2014-11-18 22:08:38] EDIT lawyer_final/static/css/web2py_bootstrap.css: 0
[2014-11-18 22:09:11] EDIT lawyer_final/static/css/web2py_bootstrap.css: 0
[2014-11-18 22:09:58] EDIT lawyer_final/static/css/web2py_bootstrap.css: 0
[2014-11-18 22:09:58] EDIT lawyer_final/static/css/web2py_bootstrap.css: 0
[2014-11-18 22:11:09] EDIT lawyer_final/static/css/web2py_bootstrap.css: 0
[2014-11-18 22:11:09] EDIT lawyer_final/static/css/web2py_bootstrap.css: 0
[2014-11-18 22:29:14] EDIT lawyer_final/views/default/index.html: 0
[2014-11-18 22:29:15] EDIT lawyer_final/views/default/index.html: 0
[2014-11-18 22:29:15] EDIT lawyer_final/views/default/index.html: 0
[2014-11-18 22:30:06] EDIT lawyer_final/views/default/index.html: -2
[2014-11-18 22:31:05] EDIT lawyer_final/views/default/index.html: 6
[2014-11-18 22:31:05] EDIT lawyer_final/views/default/index.html: 0
[2014-11-18 22:33:27] EDIT lawyer_final/models/menu.py: 0
[2014-11-18 22:33:27] EDIT lawyer_final/models/menu.py: 0
[2014-11-18 22:33:46] EDIT lawyer_final/models/menu.py: 0
[2014-11-18 22:33:46] EDIT lawyer_final/models/menu.py: 0
[2014-11-18 22:34:09] EDIT lawyer_final/models/menu.py: 0
[2014-11-18 22:34:09] EDIT lawyer_final/models/menu.py: 0
[2014-11-18 22:42:04] CREATE default/test.html: 0
[2014-11-18 22:42:22] EDIT lawyer_final/controllers/default.py: 2
[2014-11-18 22:44:30] EDIT lawyer_final/views/default/test.html: 4
[2014-11-18 22:44:31] EDIT lawyer_final/views/default/test.html: 0
[2014-11-18 22:47:18] EDIT lawyer_final/views/default/test.html: 0
[2014-11-18 22:47:19] EDIT lawyer_final/views/default/test.html: 0
[2014-11-18 22:47:19] EDIT lawyer_final/views/default/test.html: 0
[2014-11-18 22:47:43] EDIT lawyer_final/views/default/test.html: 0
[2014-11-18 22:47:43] EDIT lawyer_final/views/default/test.html: 0
[2014-11-18 22:47:54] EDIT lawyer_final/views/default/test.html: 0
[2014-11-18 22:48:00] EDIT lawyer_final/views/default/test.html: 0
[2014-11-18 22:48:31] EDIT lawyer_final/views/default/test.html: 0
[2014-11-18 22:48:31] EDIT lawyer_final/views/default/test.html: 0
[2014-11-18 22:48:52] EDIT lawyer_final/views/default/test.html: 0
[2014-11-18 22:48:53] EDIT lawyer_final/views/default/test.html: 0
[2014-11-18 22:48:58] EDIT lawyer_final/views/default/test.html: 0
[2014-11-18 22:48:59] EDIT lawyer_final/views/default/test.html: 0
[2014-11-18 22:50:54] EDIT lawyer_final/views/default/lawhome.html: 3
[2014-11-18 22:50:55] EDIT lawyer_final/views/default/lawhome.html: 0
[2014-11-18 22:51:24] EDIT lawyer_final/views/default/lawhome.html: 6
[2014-11-18 22:51:24] EDIT lawyer_final/views/default/lawhome.html: 0
[2014-11-18 22:51:24] EDIT lawyer_final/views/default/lawhome.html: 0
[2014-11-18 22:51:25] EDIT lawyer_final/views/default/lawhome.html: 0
[2014-11-18 22:53:13] EDIT lawyer_final/views/default/lawhome.html: 2
[2014-11-18 22:53:13] EDIT lawyer_final/views/default/lawhome.html: 0
[2014-11-18 22:56:50] EDIT lawyer_final/views/default/lawhome.html: -4
[2014-11-18 22:57:42] EDIT lawyer_final/views/default/lawhome.html: 0
[2014-11-18 22:57:43] EDIT lawyer_final/views/default/lawhome.html: 0
[2014-11-18 22:59:34] EDIT lawyer_final/views/default/lawhome.html: 0
[2014-11-18 22:59:34] EDIT lawyer_final/views/default/lawhome.html: 0
[2014-11-18 23:01:12] EDIT lawyer_final/views/default/lawhome.html: 0
[2014-11-18 23:01:12] EDIT lawyer_final/views/default/lawhome.html: 0
[2014-11-18 23:05:20] EDIT lawyer_final/views/default/lawhome.html: -6
[2014-11-18 23:06:02] EDIT lawyer_final/views/default/lawhome.html: 1
[2014-11-18 23:06:02] EDIT lawyer_final/views/default/lawhome.html: 0
[2014-11-18 23:07:44] EDIT lawyer_final/views/default/lawhome.html: 0
[2014-11-18 23:07:44] EDIT lawyer_final/views/default/lawhome.html: 0
[2014-11-18 23:08:03] EDIT lawyer_final/views/default/lawhome.html: 0
[2014-11-18 23:08:03] EDIT lawyer_final/views/default/lawhome.html: 0
[2014-11-18 23:10:05] EDIT lawyer_final/views/default/casedetails.html: 2
[2014-11-18 23:10:05] EDIT lawyer_final/views/default/casedetails.html: 0
[2014-11-18 23:10:57] EDIT lawyer_final/views/default/casedetails.html: -1
[2014-11-18 23:12:12] EDIT lawyer_final/views/default/feed.html: 1
[2014-11-18 23:12:38] EDIT lawyer_final/views/default/search_lawyer.html: 1
[2014-11-18 23:12:38] EDIT lawyer_final/views/default/search_lawyer.html: 0
[2014-11-18 23:12:48] EDIT lawyer_final/views/default/search_lawyer.html: 1
[2014-11-18 23:13:21] EDIT lawyer_final/views/default/common.html: 0
[2014-11-18 23:13:26] EDIT lawyer_final/views/default/common.html: 0
[2014-11-18 23:14:56] EDIT lawyer_final/views/default/common.html: 1
[2014-11-18 23:14:56] EDIT lawyer_final/views/default/common.html: 0
[2014-11-18 23:15:36] EDIT lawyer_final/views/default/rating_feedback.html: 1
[2014-11-18 23:16:47] EDIT lawyer_final/views/default/client_case_search.html: 1
[2014-11-18 23:17:11] EDIT lawyer_final/views/default/client_case_search.html: 1
[2014-11-18 23:17:31] EDIT lawyer_final/views/default/client_case_search.html: 3
[2014-11-18 23:18:06] EDIT lawyer_final/views/default/client_case_search.html: 0
[2014-11-18 23:18:06] EDIT lawyer_final/views/default/client_case_search.html: 0
[2014-11-18 23:18:18] EDIT lawyer_final/views/default/client_case_search.html: 0
[2014-11-18 23:18:24] EDIT lawyer_final/views/default/client_case_search.html: 0
[2014-11-18 23:20:35] EDIT lawyer_final/models/menu.py: -1
[2014-11-18 23:20:35] EDIT lawyer_final/models/menu.py: 0
[2014-11-18 23:20:47] EDIT lawyer_final/models/menu.py: 0
[2014-11-18 23:20:48] EDIT lawyer_final/models/menu.py: 0
[2014-11-18 23:25:04] EDIT lawyer_final/views/default/cases.html: 1
[2014-11-18 23:25:05] EDIT lawyer_final/views/default/cases.html: 0
[2014-11-18 23:25:05] EDIT lawyer_final/views/default/cases.html: 0
[2014-11-18 23:25:45] EDIT lawyer_final/views/default/cases.html: 0
[2014-11-18 23:25:45] EDIT lawyer_final/views/default/cases.html: 0
[2014-11-18 23:26:47] EDIT lawyer_final/models/menu.py: 1
[2014-11-18 23:26:48] EDIT lawyer_final/models/menu.py: 0
[2014-11-18 23:27:34] EDIT lawyer_final/models/menu.py: -1
[2014-11-18 23:27:34] EDIT lawyer_final/models/menu.py: 0
[2014-11-18 23:28:31] EDIT lawyer_final/views/default/index.html: -6
[2014-11-18 23:28:31] EDIT lawyer_final/views/default/index.html: 0
[2014-11-18 23:30:47] EDIT lawyer_final/views/default/index.html: 1
[2014-11-18 23:30:47] EDIT lawyer_final/views/default/index.html: 0
[2014-11-18 23:31:26] EDIT lawyer_final/views/default/index.html: 0
[2014-11-18 23:31:27] EDIT lawyer_final/views/default/index.html: 0
[2014-11-18 23:31:55] EDIT lawyer_final/views/default/index.html: 1
[2014-11-18 23:31:55] EDIT lawyer_final/views/default/index.html: 0
[2014-11-18 23:33:00] EDIT lawyer_final/views/default/index.html: 0
[2014-11-18 23:33:06] EDIT lawyer_final/views/default/index.html: 0
[2014-11-18 23:33:21] EDIT lawyer_final/views/default/index.html: 0
[2014-11-18 23:34:36] EDIT lawyer_final/views/default/index.html: 1
[2014-11-18 23:34:36] EDIT lawyer_final/views/default/index.html: 0
[2014-11-18 23:35:36] EDIT lawyer_final/views/default/index.html: 1
[2014-11-18 23:35:36] EDIT lawyer_final/views/default/index.html: 0
[2014-11-18 23:36:52] EDIT lawyer_final/views/default/index.html: 0
[2014-11-18 23:36:52] EDIT lawyer_final/views/default/index.html: 0
[2014-11-18 23:37:50] EDIT lawyer_final/views/default/index.html: 0
[2014-11-18 23:38:18] EDIT lawyer_final/views/default/index.html: 0
[2014-11-18 23:39:38] EDIT lawyer_final/views/default/index.html: 0
[2014-11-18 23:40:08] EDIT lawyer_final/views/default/index.html: 0
[2014-11-18 23:40:39] EDIT lawyer_final/views/default/index.html: 0
[2014-11-18 23:41:53] EDIT lawyer_final/views/default/index.html: 0
[2014-11-18 23:41:53] EDIT lawyer_final/views/default/index.html: 0
[2014-11-18 23:43:21] EDIT lawyer_final/views/default/index.html: 0
[2014-11-18 23:48:06] EDIT lawyer_final/views/layout.html: 0
[2014-11-18 23:49:12] EDIT lawyer_final/views/layout.html: 0
[2014-11-18 23:49:39] EDIT lawyer_final/views/layout.html: 0
[2014-11-18 23:49:47] EDIT lawyer_final/views/layout.html: 0
[2014-11-18 23:50:08] EDIT lawyer_final/views/layout.html: 0
[2014-11-18 23:51:35] EDIT lawyer_final/views/layout.html: -2
[2014-11-18 23:51:35] EDIT lawyer_final/views/layout.html: 0
[2014-11-18 23:51:35] EDIT lawyer_final/views/layout.html: 0
[2014-11-18 23:52:51] EDIT lawyer_final/views/layout.html: 1
[2014-11-18 23:52:52] EDIT lawyer_final/views/layout.html: 0
[2014-11-18 23:53:18] EDIT lawyer_final/views/layout.html: 0
[2014-11-18 23:53:18] EDIT lawyer_final/views/layout.html: 0
[2014-11-18 23:54:39] EDIT lawyer_final/views/layout.html: 0
[2014-11-18 23:54:40] EDIT lawyer_final/views/layout.html: 0
[2014-11-18 23:54:56] EDIT lawyer_final/views/layout.html: 0
[2014-11-18 23:55:28] EDIT lawyer_final/views/layout.html: 0
[2014-11-18 23:55:46] EDIT lawyer_final/views/layout.html: 0
[2014-11-18 23:55:55] EDIT lawyer_final/views/layout.html: 0
[2014-11-18 23:56:05] EDIT lawyer_final/views/layout.html: 0
[2014-11-18 23:56:47] EDIT lawyer_final/models/menu.py: 0
[2014-11-18 23:56:49] EDIT lawyer_final/models/menu.py: 0
[2014-11-18 23:57:37] EDIT lawyer_final/models/menu.py: 0
[2014-11-18 23:57:37] EDIT lawyer_final/models/menu.py: 0
[2014-11-18 23:59:11] EDIT lawyer_final/controllers/default.py: 1
[2014-11-18 23:59:12] EDIT lawyer_final/controllers/default.py: 0
[2014-11-19 00:03:40] EDIT lawyer_final/models/menu.py: 0
[2014-11-19 00:04:23] EDIT lawyer_final/models/menu.py: 0
[2014-11-19 00:04:23] EDIT lawyer_final/models/menu.py: 0
[2014-11-19 00:04:23] EDIT lawyer_final/models/menu.py: 0
[2014-11-19 00:05:06] EDIT lawyer_final/controllers/default.py: 0
[2014-11-19 00:05:06] EDIT lawyer_final/controllers/default.py: 0
[2014-11-19 00:06:31] EDIT lawyer_final/controllers/default.py: 0
[2014-11-19 00:06:32] EDIT lawyer_final/controllers/default.py: 0
[2014-11-19 00:06:32] EDIT lawyer_final/controllers/default.py: 0
[2014-11-19 00:09:55] EDIT lawyer_final/controllers/default.py: 0
[2014-11-19 00:09:55] EDIT lawyer_final/controllers/default.py: 0
[2014-11-19 00:09:56] EDIT lawyer_final/controllers/default.py: 0
[2014-11-19 00:26:43] EDIT lawyer_final/views/default/queries.html: 1
[2014-11-19 00:26:43] EDIT lawyer_final/views/default/queries.html: 0
[2014-11-19 00:27:24] EDIT lawyer_final/views/default/queries.html: 2
[2014-11-19 00:27:44] EDIT lawyer_final/views/default/queries.html: -1
[2014-11-19 00:28:13] EDIT lawyer_final/views/default/queries.html: -2
[2014-11-19 00:28:14] EDIT lawyer_final/views/default/queries.html: 0
[2014-11-19 00:28:25] EDIT lawyer_final/views/default/queries.html: 1
[2014-11-19 00:37:25] EDIT lawyer_final/controllers/default.py: 1
[2014-11-19 00:37:25] EDIT lawyer_final/controllers/default.py: 0
[2014-11-19 00:43:52] EDIT lawyer_final/views/default/client_case_view.html: 2
[2014-11-19 00:43:52] EDIT lawyer_final/views/default/client_case_view.html: 0
[2014-11-19 00:44:29] EDIT lawyer_final/views/default/client_case_view.html: 0
[2014-11-19 00:44:29] EDIT lawyer_final/views/default/client_case_view.html: 0
[2014-11-19 00:46:20] EDIT lawyer_final/views/default/client_case_view.html: 0
[2014-11-19 00:46:21] EDIT lawyer_final/views/default/client_case_view.html: 0
[2014-11-19 00:46:21] EDIT lawyer_final/views/default/client_case_view.html: 0
[2014-11-19 00:48:18] EDIT lawyer_final/views/default/client_case_view.html: 0
[2014-11-19 00:48:19] EDIT lawyer_final/views/default/client_case_view.html: 0
[2014-11-19 00:50:08] EDIT lawyer_final/controllers/default.py: 1
[2014-11-19 00:50:09] EDIT lawyer_final/controllers/default.py: 0
[2014-11-19 00:52:35] EDIT lawyer_final/views/default/client_case_view.html: 1
[2014-11-19 00:52:36] EDIT lawyer_final/views/default/client_case_view.html: 0
[2014-11-19 00:52:36] EDIT lawyer_final/views/default/client_case_view.html: 0
[2014-11-19 00:56:09] EDIT lawyer_final/views/default/queries.html: 0
[2014-11-19 00:56:10] EDIT lawyer_final/views/default/queries.html: 0
[2014-11-19 00:59:53] EDIT lawyer_final/views/default/queries.html: 0
[2014-11-19 01:07:04] EDIT lawyer_final/controllers/default.py: 3
[2014-11-19 01:07:50] EDIT lawyer_final/controllers/default.py: 0
[2014-11-19 01:07:51] EDIT lawyer_final/controllers/default.py: 0
[2014-11-19 01:10:21] EDIT lawyer_final/controllers/default.py: 0
[2014-11-19 01:15:38] EDIT lawyer_final/controllers/default.py: 1
[2014-11-19 01:17:42] EDIT lawyer_final/controllers/default.py: 2
[2014-11-19 16:54:59] EDIT lawyer_final/views/default/lawhome.html: 0
[2014-11-19 16:55:00] EDIT lawyer_final/views/default/lawhome.html: 0
[2014-11-19 16:55:00] EDIT lawyer_final/views/default/lawhome.html: 0
[2014-11-19 16:56:53] EDIT lawyer_final/views/default/lawhome.html: 0
[2014-11-19 16:56:54] EDIT lawyer_final/views/default/lawhome.html: 0
[2014-11-19 16:58:07] EDIT lawyer_final/views/default/cases.html: 0
[2014-11-19 16:58:07] EDIT lawyer_final/views/default/cases.html: 0
[2014-11-19 17:00:04] EDIT lawyer_final/views/default/cases.html: 0
[2014-11-19 17:00:05] EDIT lawyer_final/views/default/cases.html: 0
[2014-11-19 17:00:05] EDIT lawyer_final/views/default/cases.html: 0
[2014-11-19 17:02:16] EDIT lawyer_final/views/default/cases.html: 0
[2014-11-19 17:02:17] EDIT lawyer_final/views/default/cases.html: 0
[2014-11-19 17:04:17] EDIT lawyer_final/views/default/cases.html: 0
[2014-11-19 17:04:17] EDIT lawyer_final/views/default/cases.html: 0
[2014-11-19 17:08:40] EDIT lawyer_final/views/default/feed.html: 0
[2014-11-19 17:08:40] EDIT lawyer_final/views/default/feed.html: 0
[2014-11-19 17:10:03] EDIT lawyer_final/views/default/rating_feedback.html: 0
[2014-11-19 17:10:03] EDIT lawyer_final/views/default/rating_feedback.html: 0
[2014-11-19 17:11:06] EDIT lawyer_final/views/default/rating_feedback.html: 0
[2014-11-19 17:11:07] EDIT lawyer_final/views/default/rating_feedback.html: 0
[2014-11-19 17:14:58] EDIT lawyer_final/controllers/default.py: -1
[2014-11-19 17:14:59] EDIT lawyer_final/controllers/default.py: 0
[2014-11-19 17:24:50] EDIT lawyer_final/controllers/default.py: 0
[2014-11-19 17:25:09] EDIT lawyer_final/controllers/default.py: 0
[2014-11-19 17:26:01] EDIT lawyer_final/controllers/default.py: -1
[2014-11-19 17:30:32] EDIT lawyer_final/views/default/client_case_search.html: 0
[2014-11-19 17:30:32] EDIT lawyer_final/views/default/client_case_search.html: 0
[2014-11-19 17:44:45] EDIT lawyer_final/views/default/common.html: 0
[2014-11-19 17:44:45] EDIT lawyer_final/views/default/common.html: 0
[2014-11-19 19:01:52] EDIT lawyer_final/views/layout.html: 8
[2014-11-19 19:02:28] EDIT lawyer_final/views/layout.html: 0
[2014-11-19 19:02:29] EDIT lawyer_final/views/layout.html: 0
[2014-11-19 19:05:12] EDIT lawyer_final/views/layout.html: 0
[2014-11-19 19:07:33] EDIT lawyer_final/views/layout.html: -8
[2014-11-19 19:07:33] EDIT lawyer_final/views/layout.html: 0
[2014-11-19 19:13:10] EDIT lawyer_final/models/db.py: 0
[2014-11-19 19:17:21] EDIT lawyer_final/models/db.py: 2
[2014-11-19 19:17:22] EDIT lawyer_final/models/db.py: 0
[2014-11-19 19:43:11] EDIT lawyer_final/models/db.py: 3
[2014-11-19 19:43:12] EDIT lawyer_final/models/db.py: 0
[2014-11-19 19:43:12] EDIT lawyer_final/models/db.py: 0
[2014-11-19 19:43:24] EDIT lawyer_final/models/db.py: 0
[2014-11-19 19:51:16] EDIT lawyer_final/models/db.py: -2
[2014-11-19 19:51:18] EDIT lawyer_final/models/db.py: 0
[2014-11-19 21:55:00] EDIT lawyer_final/models/db.py: 0
[2014-11-19 21:55:01] EDIT lawyer_final/models/db.py: 0
[2014-11-19 21:55:19] EDIT lawyer_final/views/default/lawhome.html: 0
[2014-11-19 21:55:37] EDIT lawyer_final/controllers/default.py: 0
[2014-11-19 21:55:37] EDIT lawyer_final/controllers/default.py: 0
[2014-11-19 21:55:38] EDIT lawyer_final/controllers/default.py: 0
[2014-11-20 10:41:01] EDIT lawyer_final/views/default/client_case_search.html: 1
[2014-11-20 10:43:05] EDIT lawyer_final/views/default/client_case_search.html: 0
[2014-11-20 10:43:45] EDIT lawyer_final/views/default/client_case_search.html: 0
[2014-11-20 15:21:54] EDIT lawyer_final/models/db.py: 0
[2014-11-20 15:21:58] EDIT lawyer_final/models/db.py: 0
[2014-11-20 15:24:33] EDIT lawyer_final/models/db.py: 0
[2014-11-20 15:24:33] EDIT lawyer_final/models/db.py: 0
[2014-11-20 15:24:33] EDIT lawyer_final/models/db.py: 0
[2014-11-20 15:25:14] EDIT lawyer_final/controllers/default.py: 0
[2014-11-20 15:25:42] EDIT lawyer_final/views/default/lawhome.html: 0
[2014-11-20 15:25:43] EDIT lawyer_final/views/default/lawhome.html: 0
